#-----------------------------------------------------------
# Vivado v2017.4.1 (64-bit)
# SW Build 2117270 on Tue Jan 30 15:32:00 MST 2018
# IP Build 2095745 on Tue Jan 30 17:13:15 MST 2018
# Start of session at: Sat Mar 17 14:18:41 2018
# Process ID: 10040
# Current directory: C:/Users/avach/Documents/GitHub/CmpE125/Lab5/Pipelined Multiplier
# Command line: vivado.exe -gui_launcher_event rodinguilauncherevent2820 C:\Users\avach\Documents\GitHub\CmpE125\Lab5\Pipelined Multiplier\Pipelined Multiplier.xpr
# Log file: C:/Users/avach/Documents/GitHub/CmpE125/Lab5/Pipelined Multiplier/vivado.log
# Journal file: C:/Users/avach/Documents/GitHub/CmpE125/Lab5/Pipelined Multiplier\vivado.jou
#-----------------------------------------------------------
start_gui
open_project {C:/Users/avach/Documents/GitHub/CmpE125/Lab5/Pipelined Multiplier/Pipelined Multiplier.xpr}
Scanning sources...
Finished scanning sources
INFO: [IP_Flow 19-234] Refreshing IP repositories
INFO: [IP_Flow 19-1704] No user IP repositories specified
INFO: [IP_Flow 19-2313] Loaded Vivado IP repository 'C:/Xilinx/Vivado/2017.4/data/ip'.
update_compile_order -fileset sources_1
add_files -norecurse {{C:/Users/avach/Documents/GitHub/CmpE125/Lab5/Pipelined Multiplier/Pipelined Multiplier.srcs/sources_1/new/CLA_generator.v} {C:/Users/avach/Documents/GitHub/CmpE125/Lab5/Pipelined Multiplier/Pipelined Multiplier.srcs/sources_1/new/adder_8bit.v} {C:/Users/avach/Documents/GitHub/CmpE125/Lab5/Pipelined Multiplier/Pipelined Multiplier.srcs/sources_1/new/parallel_multiplier_top.v} {C:/Users/avach/Documents/GitHub/CmpE125/Lab5/Pipelined Multiplier/Pipelined Multiplier.srcs/sources_1/new/xor_mod.v} {C:/Users/avach/Documents/GitHub/CmpE125/Lab5/Pipelined Multiplier/Pipelined Multiplier.srcs/sources_1/new/and_mod.v} {C:/Users/avach/Documents/GitHub/CmpE125/Lab5/Pipelined Multiplier/Pipelined Multiplier.srcs/sources_1/new/half_adders.v} {C:/Users/avach/Documents/GitHub/CmpE125/Lab5/Pipelined Multiplier/Pipelined Multiplier.srcs/sources_1/new/adder_CLA_top.v}}
update_compile_order -fileset sources_1
update_compile_order -fileset sources_1
update_compile_order -fileset sources_1
update_compile_order -fileset sources_1
export_ip_user_files -of_objects  [get_files {{C:/Users/avach/Documents/GitHub/CmpE125/Lab5/Pipelined Multiplier/Pipelined Multiplier.srcs/sources_1/new/clk.v}}] -no_script -reset -force -quiet
remove_files  {{C:/Users/avach/Documents/GitHub/CmpE125/Lab5/Pipelined Multiplier/Pipelined Multiplier.srcs/sources_1/new/clk.v}}
add_files -norecurse {{C:/Users/avach/Documents/GitHub/CmpE125/Lab5/Pipelined Multiplier/Pipelined Multiplier.srcs/sources_1/new/pip_reg.v}}
update_compile_order -fileset sources_1
update_compile_order -fileset sources_1
update_compile_order -fileset sources_1
update_compile_order -fileset sources_1
set_property SOURCE_SET sources_1 [get_filesets sim_1]
add_files -fileset sim_1 -norecurse C:/Users/avach/Documents/GitHub/CmpE125/Lab5/parallel_unsigned_integer_multiplier/parallel_unsigned_integer_multiplier.srcs/sim_1/new/tb_parallel_multiplier.v
update_compile_order -fileset sim_1
update_compile_order -fileset sim_1
launch_simulation
INFO: [Vivado 12-5682] Launching behavioral simulation in 'C:/Users/avach/Documents/GitHub/CmpE125/Lab5/Pipelined Multiplier/Pipelined Multiplier.sim/sim_1/behav/xsim'
INFO: [SIM-utils-51] Simulation object is 'sim_1'
INFO: [SIM-utils-54] Inspecting design source files for 'tb_parallel_multiplier' in fileset 'sim_1'...
INFO: [USF-XSim-97] Finding global include files...
INFO: [USF-XSim-98] Fetching design files from 'sim_1'...
INFO: [USF-XSim-2] XSim::Compile design
INFO: [USF-XSim-61] Executing 'COMPILE and ANALYZE' step in 'C:/Users/avach/Documents/GitHub/CmpE125/Lab5/Pipelined Multiplier/Pipelined Multiplier.sim/sim_1/behav/xsim'
"xvlog --incr --relax -prj tb_parallel_multiplier_vlog.prj"
INFO: [VRFC 10-2263] Analyzing Verilog file "C:/Users/avach/Documents/GitHub/CmpE125/Lab5/Pipelined Multiplier/Pipelined Multiplier.srcs/sources_1/new/CLA_generator.v" into library xil_defaultlib
INFO: [VRFC 10-311] analyzing module CLA_generator
INFO: [VRFC 10-2263] Analyzing Verilog file "C:/Users/avach/Documents/GitHub/CmpE125/Lab5/Pipelined Multiplier/Pipelined Multiplier.srcs/sources_1/new/adder_8bit.v" into library xil_defaultlib
INFO: [VRFC 10-311] analyzing module adder_8bit
INFO: [VRFC 10-2263] Analyzing Verilog file "C:/Users/avach/Documents/GitHub/CmpE125/Lab5/Pipelined Multiplier/Pipelined Multiplier.srcs/sources_1/new/adder_CLA_top.v" into library xil_defaultlib
INFO: [VRFC 10-311] analyzing module adder_CLA_top
INFO: [VRFC 10-2263] Analyzing Verilog file "C:/Users/avach/Documents/GitHub/CmpE125/Lab5/Pipelined Multiplier/Pipelined Multiplier.srcs/sources_1/new/and_mod.v" into library xil_defaultlib
INFO: [VRFC 10-311] analyzing module and_mod
INFO: [VRFC 10-2263] Analyzing Verilog file "C:/Users/avach/Documents/GitHub/CmpE125/Lab5/Pipelined Multiplier/Pipelined Multiplier.srcs/sources_1/new/half_adders.v" into library xil_defaultlib
INFO: [VRFC 10-311] analyzing module half_adders
INFO: [VRFC 10-2263] Analyzing Verilog file "C:/Users/avach/Documents/GitHub/CmpE125/Lab5/Pipelined Multiplier/Pipelined Multiplier.srcs/sources_1/new/parallel_multiplier_top.v" into library xil_defaultlib
INFO: [VRFC 10-311] analyzing module parallel_multiplier_top
INFO: [VRFC 10-2263] Analyzing Verilog file "C:/Users/avach/Documents/GitHub/CmpE125/Lab5/Pipelined Multiplier/Pipelined Multiplier.srcs/sources_1/new/pip_reg.v" into library xil_defaultlib
INFO: [VRFC 10-311] analyzing module pip_reg
INFO: [VRFC 10-2263] Analyzing Verilog file "C:/Users/avach/Documents/GitHub/CmpE125/Lab5/Pipelined Multiplier/Pipelined Multiplier.srcs/sources_1/new/xor_mod.v" into library xil_defaultlib
INFO: [VRFC 10-311] analyzing module xor_mod
INFO: [VRFC 10-2263] Analyzing Verilog file "C:/Users/avach/Documents/GitHub/CmpE125/Lab5/parallel_unsigned_integer_multiplier/parallel_unsigned_integer_multiplier.srcs/sim_1/new/tb_parallel_multiplier.v" into library xil_defaultlib
INFO: [VRFC 10-311] analyzing module tb_parallel_multiplier
INFO: [VRFC 10-2263] Analyzing Verilog file "C:/Users/avach/Documents/GitHub/CmpE125/Lab5/Pipelined Multiplier/Pipelined Multiplier.sim/sim_1/behav/xsim/glbl.v" into library xil_defaultlib
INFO: [VRFC 10-311] analyzing module glbl
INFO: [USF-XSim-69] 'compile' step finished in '1' seconds
INFO: [USF-XSim-3] XSim::Elaborate design
INFO: [USF-XSim-61] Executing 'ELABORATE' step in 'C:/Users/avach/Documents/GitHub/CmpE125/Lab5/Pipelined Multiplier/Pipelined Multiplier.sim/sim_1/behav/xsim'
Vivado Simulator 2017.4
Copyright 1986-1999, 2001-2016 Xilinx, Inc. All Rights Reserved.
Running: C:/Xilinx/Vivado/2017.4/bin/unwrapped/win64.o/xelab.exe -wto abaf41c45650474e9dea4a8a943ed29b --incr --debug typical --relax --mt 2 -L xil_defaultlib -L unisims_ver -L unimacro_ver -L secureip --snapshot tb_parallel_multiplier_behav xil_defaultlib.tb_parallel_multiplier xil_defaultlib.glbl -log elaborate.log 
Using 2 slave threads.
Starting static elaboration
ERROR: [VRFC 10-426] cannot find port B on this module [C:/Users/avach/Documents/GitHub/CmpE125/Lab5/parallel_unsigned_integer_multiplier/parallel_unsigned_integer_multiplier.srcs/sim_1/new/tb_parallel_multiplier.v:34]
ERROR: [VRFC 10-426] cannot find port A on this module [C:/Users/avach/Documents/GitHub/CmpE125/Lab5/parallel_unsigned_integer_multiplier/parallel_unsigned_integer_multiplier.srcs/sim_1/new/tb_parallel_multiplier.v:33]
ERROR: [VRFC 10-2063] Module <pip_reg> not found while processing module instance <pipA> [C:/Users/avach/Documents/GitHub/CmpE125/Lab5/Pipelined Multiplier/Pipelined Multiplier.srcs/sources_1/new/parallel_multiplier_top.v:46]
ERROR: [VRFC 10-2063] Module <and_mod> not found while processing module instance <AND_MOD3> [C:/Users/avach/Documents/GitHub/CmpE125/Lab5/Pipelined Multiplier/Pipelined Multiplier.srcs/sources_1/new/parallel_multiplier_top.v:60]
ERROR: [VRFC 10-2063] Module <adder_8bit> not found while processing module instance <PP0_1> [C:/Users/avach/Documents/GitHub/CmpE125/Lab5/Pipelined Multiplier/Pipelined Multiplier.srcs/sources_1/new/parallel_multiplier_top.v:84]
ERROR: [XSIM 43-3322] Static elaboration of top level Verilog design unit(s) in library work failed.
INFO: [USF-XSim-69] 'elaborate' step finished in '1' seconds
INFO: [USF-XSim-99] Step results log file:'C:/Users/avach/Documents/GitHub/CmpE125/Lab5/Pipelined Multiplier/Pipelined Multiplier.sim/sim_1/behav/xsim/elaborate.log'
ERROR: [USF-XSim-62] 'elaborate' step failed with error(s). Please check the Tcl console output or 'C:/Users/avach/Documents/GitHub/CmpE125/Lab5/Pipelined Multiplier/Pipelined Multiplier.sim/sim_1/behav/xsim/elaborate.log' file for more information.
ERROR: [Vivado 12-4473] Detected error while running simulation. Please correct the issue and retry this operation.
ERROR: [Common 17-39] 'launch_simulation' failed due to earlier errors.
launch_simulation
INFO: [Vivado 12-5682] Launching behavioral simulation in 'C:/Users/avach/Documents/GitHub/CmpE125/Lab5/Pipelined Multiplier/Pipelined Multiplier.sim/sim_1/behav/xsim'
INFO: [SIM-utils-51] Simulation object is 'sim_1'
INFO: [SIM-utils-54] Inspecting design source files for 'tb_parallel_multiplier' in fileset 'sim_1'...
INFO: [USF-XSim-97] Finding global include files...
INFO: [USF-XSim-98] Fetching design files from 'sim_1'...
INFO: [USF-XSim-2] XSim::Compile design
INFO: [USF-XSim-61] Executing 'COMPILE and ANALYZE' step in 'C:/Users/avach/Documents/GitHub/CmpE125/Lab5/Pipelined Multiplier/Pipelined Multiplier.sim/sim_1/behav/xsim'
"xvlog --incr --relax -prj tb_parallel_multiplier_vlog.prj"
INFO: [VRFC 10-2263] Analyzing Verilog file "C:/Users/avach/Documents/GitHub/CmpE125/Lab5/Pipelined Multiplier/Pipelined Multiplier.srcs/sources_1/new/CLA_generator.v" into library xil_defaultlib
INFO: [VRFC 10-311] analyzing module CLA_generator
INFO: [VRFC 10-2263] Analyzing Verilog file "C:/Users/avach/Documents/GitHub/CmpE125/Lab5/Pipelined Multiplier/Pipelined Multiplier.srcs/sources_1/new/adder_8bit.v" into library xil_defaultlib
INFO: [VRFC 10-311] analyzing module adder_8bit
INFO: [VRFC 10-2263] Analyzing Verilog file "C:/Users/avach/Documents/GitHub/CmpE125/Lab5/Pipelined Multiplier/Pipelined Multiplier.srcs/sources_1/new/adder_CLA_top.v" into library xil_defaultlib
INFO: [VRFC 10-311] analyzing module adder_CLA_top
INFO: [VRFC 10-2263] Analyzing Verilog file "C:/Users/avach/Documents/GitHub/CmpE125/Lab5/Pipelined Multiplier/Pipelined Multiplier.srcs/sources_1/new/and_mod.v" into library xil_defaultlib
INFO: [VRFC 10-311] analyzing module and_mod
INFO: [VRFC 10-2263] Analyzing Verilog file "C:/Users/avach/Documents/GitHub/CmpE125/Lab5/Pipelined Multiplier/Pipelined Multiplier.srcs/sources_1/new/half_adders.v" into library xil_defaultlib
INFO: [VRFC 10-311] analyzing module half_adders
INFO: [VRFC 10-2263] Analyzing Verilog file "C:/Users/avach/Documents/GitHub/CmpE125/Lab5/Pipelined Multiplier/Pipelined Multiplier.srcs/sources_1/new/parallel_multiplier_top.v" into library xil_defaultlib
INFO: [VRFC 10-311] analyzing module parallel_multiplier_top
INFO: [VRFC 10-2263] Analyzing Verilog file "C:/Users/avach/Documents/GitHub/CmpE125/Lab5/Pipelined Multiplier/Pipelined Multiplier.srcs/sources_1/new/pip_reg.v" into library xil_defaultlib
INFO: [VRFC 10-311] analyzing module pip_reg
INFO: [VRFC 10-2263] Analyzing Verilog file "C:/Users/avach/Documents/GitHub/CmpE125/Lab5/Pipelined Multiplier/Pipelined Multiplier.srcs/sources_1/new/xor_mod.v" into library xil_defaultlib
INFO: [VRFC 10-311] analyzing module xor_mod
INFO: [VRFC 10-2263] Analyzing Verilog file "C:/Users/avach/Documents/GitHub/CmpE125/Lab5/parallel_unsigned_integer_multiplier/parallel_unsigned_integer_multiplier.srcs/sim_1/new/tb_parallel_multiplier.v" into library xil_defaultlib
INFO: [VRFC 10-311] analyzing module tb_parallel_multiplier
INFO: [USF-XSim-69] 'compile' step finished in '1' seconds
INFO: [USF-XSim-3] XSim::Elaborate design
INFO: [USF-XSim-61] Executing 'ELABORATE' step in 'C:/Users/avach/Documents/GitHub/CmpE125/Lab5/Pipelined Multiplier/Pipelined Multiplier.sim/sim_1/behav/xsim'
Vivado Simulator 2017.4
Copyright 1986-1999, 2001-2016 Xilinx, Inc. All Rights Reserved.
Running: C:/Xilinx/Vivado/2017.4/bin/unwrapped/win64.o/xelab.exe -wto abaf41c45650474e9dea4a8a943ed29b --incr --debug typical --relax --mt 2 -L xil_defaultlib -L unisims_ver -L unimacro_ver -L secureip --snapshot tb_parallel_multiplier_behav xil_defaultlib.tb_parallel_multiplier xil_defaultlib.glbl -log elaborate.log 
Using 2 slave threads.
Starting static elaboration
WARNING: [VRFC 10-278] actual bit length 32 differs from formal bit length 1 for port Cin [C:/Users/avach/Documents/GitHub/CmpE125/Lab5/Pipelined Multiplier/Pipelined Multiplier.srcs/sources_1/new/parallel_multiplier_top.v:87]
WARNING: [VRFC 10-278] actual bit length 32 differs from formal bit length 1 for port Cin [C:/Users/avach/Documents/GitHub/CmpE125/Lab5/Pipelined Multiplier/Pipelined Multiplier.srcs/sources_1/new/parallel_multiplier_top.v:95]
WARNING: [VRFC 10-278] actual bit length 32 differs from formal bit length 1 for port Cin [C:/Users/avach/Documents/GitHub/CmpE125/Lab5/Pipelined Multiplier/Pipelined Multiplier.srcs/sources_1/new/parallel_multiplier_top.v:117]
WARNING: [VRFC 10-597] element index 7 into q is out of bounds [C:/Users/avach/Documents/GitHub/CmpE125/Lab5/Pipelined Multiplier/Pipelined Multiplier.srcs/sources_1/new/pip_reg.v:14]
WARNING: [VRFC 10-597] element index 7 into q is out of bounds [C:/Users/avach/Documents/GitHub/CmpE125/Lab5/Pipelined Multiplier/Pipelined Multiplier.srcs/sources_1/new/pip_reg.v:15]
Completed static elaboration
Starting simulation data flow analysis
Completed simulation data flow analysis
Time Resolution for simulation is 1ps
Compiling module xil_defaultlib.pip_reg(WIDTH=4)
Compiling module xil_defaultlib.and_mod
Compiling module xil_defaultlib.half_adders
Compiling module xil_defaultlib.CLA_generator
Compiling module xil_defaultlib.xor_mod
Compiling module xil_defaultlib.adder_CLA_top
Compiling module xil_defaultlib.adder_8bit
Compiling module xil_defaultlib.pip_reg
Compiling module xil_defaultlib.parallel_multiplier_top
Compiling module xil_defaultlib.tb_parallel_multiplier
Compiling module xil_defaultlib.glbl
Built simulation snapshot tb_parallel_multiplier_behav

****** Webtalk v2017.4.1 (64-bit)
  **** SW Build 2117270 on Tue Jan 30 15:32:00 MST 2018
  **** IP Build 2095745 on Tue Jan 30 17:13:15 MST 2018
    ** Copyright 1986-2017 Xilinx, Inc. All Rights Reserved.

source C:/Users/avach/Documents/GitHub/CmpE125/Lab5/Pipelined -notrace
couldn't read file "C:/Users/avach/Documents/GitHub/CmpE125/Lab5/Pipelined": no such file or directory
INFO: [Common 17-206] Exiting Webtalk at Sat Mar 17 18:08:12 2018...
INFO: [USF-XSim-69] 'elaborate' step finished in '4' seconds
INFO: [USF-XSim-4] XSim::Simulate design
INFO: [USF-XSim-61] Executing 'SIMULATE' step in 'C:/Users/avach/Documents/GitHub/CmpE125/Lab5/Pipelined Multiplier/Pipelined Multiplier.sim/sim_1/behav/xsim'
INFO: [USF-XSim-98] *** Running xsim
   with args "tb_parallel_multiplier_behav -key {Behavioral:sim_1:Functional:tb_parallel_multiplier} -tclbatch {tb_parallel_multiplier.tcl} -log {simulate.log}"
INFO: [USF-XSim-8] Loading simulator feature
Vivado Simulator 2017.4
Time resolution is 1 ps
source tb_parallel_multiplier.tcl
# set curr_wave [current_wave_config]
# if { [string length $curr_wave] == 0 } {
#   if { [llength [get_objects]] > 0} {
#     add_wave /
#     set_property needs_save false [current_wave_config]
#   } else {
#      send_msg_id Add_Wave-1 WARNING "No top level signals found. Simulator will start without a wave window. If you want to open a wave window go to 'File->New Waveform Configuration' or type 'create_wave_config' in the TCL console."
#   }
# }
# run 1000ns
INFO: [USF-XSim-96] XSim completed. Design snapshot 'tb_parallel_multiplier_behav' loaded.
INFO: [USF-XSim-97] XSim simulation ran for 1000ns
launch_simulation: Time (s): cpu = 00:00:03 ; elapsed = 00:00:08 . Memory (MB): peak = 807.473 ; gain = 15.645
run all
Simulation completed. No errors!
Simulation completed. No errors!
tb_P =           1 AND P =   0
Error count:           1
tb_P =           2 AND P =   0
Error count:           2
tb_P =           3 AND P =   0
Error count:           3
tb_P =           4 AND P =   0
Error count:           4
tb_P =           5 AND P =   0
Error count:           5
tb_P =           6 AND P =   0
Error count:           6
tb_P =           7 AND P =   0
Error count:           7
tb_P =           8 AND P =   0
Error count:           8
tb_P =           9 AND P =   0
Error count:           9
tb_P =          10 AND P =   0
Error count:          10
tb_P =          11 AND P =   0
Error count:          11
tb_P =          12 AND P =   0
Error count:          12
tb_P =          13 AND P =   0
Error count:          13
tb_P =          14 AND P =   0
Error count:          14
tb_P =          15 AND P =   0
Error count:          15
tb_P =           2 AND P =   0
Error count:          16
tb_P =           4 AND P =   0
Error count:          17
tb_P =           6 AND P =   0
Error count:          18
tb_P =           8 AND P =   0
Error count:          19
tb_P =          10 AND P =   0
Error count:          20
tb_P =          12 AND P =   0
Error count:          21
tb_P =          14 AND P =   0
Error count:          22
tb_P =          16 AND P =   0
Error count:          23
tb_P =          18 AND P =   0
Error count:          24
tb_P =          20 AND P =   0
Error count:          25
tb_P =          22 AND P =   0
Error count:          26
tb_P =          24 AND P =   0
Error count:          27
tb_P =          26 AND P =   0
Error count:          28
tb_P =          28 AND P =   0
Error count:          29
tb_P =          30 AND P =   0
Error count:          30
tb_P =           3 AND P =   0
Error count:          31
tb_P =           6 AND P =   0
Error count:          32
tb_P =           9 AND P =   0
Error count:          33
tb_P =          12 AND P =   0
Error count:          34
tb_P =          15 AND P =   0
Error count:          35
tb_P =          18 AND P =   0
Error count:          36
tb_P =          21 AND P =   0
Error count:          37
tb_P =          24 AND P =   0
Error count:          38
tb_P =          27 AND P =   0
Error count:          39
tb_P =          30 AND P =   0
Error count:          40
tb_P =          33 AND P =   0
Error count:          41
tb_P =          36 AND P =   0
Error count:          42
tb_P =          39 AND P =   0
Error count:          43
tb_P =          42 AND P =   0
Error count:          44
tb_P =          45 AND P =   0
Error count:          45
tb_P =           4 AND P =   0
Error count:          46
tb_P =           8 AND P =   0
Error count:          47
tb_P =          12 AND P =   0
Error count:          48
tb_P =          16 AND P =   0
Error count:          49
tb_P =          20 AND P =   0
Error count:          50
tb_P =          24 AND P =   0
Error count:          51
tb_P =          28 AND P =   0
Error count:          52
tb_P =          32 AND P =   0
Error count:          53
tb_P =          36 AND P =   0
Error count:          54
tb_P =          40 AND P =   0
Error count:          55
tb_P =          44 AND P =   0
Error count:          56
tb_P =          48 AND P =   0
Error count:          57
tb_P =          52 AND P =   0
Error count:          58
tb_P =          56 AND P =   0
Error count:          59
tb_P =          60 AND P =   0
Error count:          60
tb_P =           5 AND P =   0
Error count:          61
tb_P =          10 AND P =   0
Error count:          62
tb_P =          15 AND P =   0
Error count:          63
tb_P =          20 AND P =   0
Error count:          64
tb_P =          25 AND P =   0
Error count:          65
tb_P =          30 AND P =   0
Error count:          66
tb_P =          35 AND P =   0
Error count:          67
tb_P =          40 AND P =   0
Error count:          68
tb_P =          45 AND P =   0
Error count:          69
tb_P =          50 AND P =   0
Error count:          70
tb_P =          55 AND P =   0
Error count:          71
tb_P =          60 AND P =   0
Error count:          72
tb_P =          65 AND P =   0
Error count:          73
tb_P =          70 AND P =   0
Error count:          74
tb_P =          75 AND P =   0
Error count:          75
tb_P =           6 AND P =   0
Error count:          76
tb_P =          12 AND P =   0
Error count:          77
tb_P =          18 AND P =   0
Error count:          78
tb_P =          24 AND P =   0
Error count:          79
tb_P =          30 AND P =   0
Error count:          80
tb_P =          36 AND P =   0
Error count:          81
tb_P =          42 AND P =   0
Error count:          82
tb_P =          48 AND P =   0
Error count:          83
tb_P =          54 AND P =   0
Error count:          84
tb_P =          60 AND P =   0
Error count:          85
tb_P =          66 AND P =   0
Error count:          86
tb_P =          72 AND P =   0
Error count:          87
tb_P =          78 AND P =   0
Error count:          88
tb_P =          84 AND P =   0
Error count:          89
tb_P =          90 AND P =   0
Error count:          90
tb_P =           7 AND P =   0
Error count:          91
tb_P =          14 AND P =   0
Error count:          92
tb_P =          21 AND P =   0
Error count:          93
tb_P =          28 AND P =   0
Error count:          94
tb_P =          35 AND P =   0
Error count:          95
tb_P =          42 AND P =   0
Error count:          96
tb_P =          49 AND P =   0
Error count:          97
tb_P =          56 AND P =   0
Error count:          98
tb_P =          63 AND P =   0
Error count:          99
tb_P =          70 AND P =   0
Error count:         100
tb_P =          77 AND P =   0
Error count:         101
tb_P =          84 AND P =   0
Error count:         102
tb_P =          91 AND P =   0
Error count:         103
tb_P =          98 AND P =   0
Error count:         104
tb_P =         105 AND P =   0
Error count:         105
tb_P =           8 AND P =   0
Error count:         106
tb_P =          16 AND P =   0
Error count:         107
tb_P =          24 AND P =   0
Error count:         108
tb_P =          32 AND P =   0
Error count:         109
tb_P =          40 AND P =   0
Error count:         110
tb_P =          48 AND P =   0
Error count:         111
tb_P =          56 AND P =   0
Error count:         112
tb_P =          64 AND P =   0
Error count:         113
tb_P =          72 AND P =   0
Error count:         114
tb_P =          80 AND P =   0
Error count:         115
tb_P =          88 AND P =   0
Error count:         116
tb_P =          96 AND P =   0
Error count:         117
tb_P =         104 AND P =   0
Error count:         118
tb_P =         112 AND P =   0
Error count:         119
tb_P =         120 AND P =   0
Error count:         120
tb_P =           9 AND P =   0
Error count:         121
tb_P =          18 AND P =   0
Error count:         122
tb_P =          27 AND P =   0
Error count:         123
tb_P =          36 AND P =   0
Error count:         124
tb_P =          45 AND P =   0
Error count:         125
tb_P =          54 AND P =   0
Error count:         126
tb_P =          63 AND P =   0
Error count:         127
tb_P =          72 AND P =   0
Error count:         128
tb_P =          81 AND P =   0
Error count:         129
tb_P =          90 AND P =   0
Error count:         130
tb_P =          99 AND P =   0
Error count:         131
tb_P =         108 AND P =   0
Error count:         132
tb_P =         117 AND P =   0
Error count:         133
tb_P =         126 AND P =   0
Error count:         134
tb_P =         135 AND P =   0
Error count:         135
tb_P =          10 AND P =   0
Error count:         136
tb_P =          20 AND P =   0
Error count:         137
tb_P =          30 AND P =   0
Error count:         138
tb_P =          40 AND P =   0
Error count:         139
tb_P =          50 AND P =   0
Error count:         140
tb_P =          60 AND P =   0
Error count:         141
tb_P =          70 AND P =   0
Error count:         142
tb_P =          80 AND P =   0
Error count:         143
tb_P =          90 AND P =   0
Error count:         144
tb_P =         100 AND P =   0
Error count:         145
tb_P =         110 AND P =   0
Error count:         146
tb_P =         120 AND P =   0
Error count:         147
tb_P =         130 AND P =   0
Error count:         148
tb_P =         140 AND P =   0
Error count:         149
tb_P =         150 AND P =   0
Error count:         150
tb_P =          11 AND P =   0
Error count:         151
tb_P =          22 AND P =   0
Error count:         152
tb_P =          33 AND P =   0
Error count:         153
tb_P =          44 AND P =   0
Error count:         154
tb_P =          55 AND P =   0
Error count:         155
tb_P =          66 AND P =   0
Error count:         156
tb_P =          77 AND P =   0
Error count:         157
tb_P =          88 AND P =   0
Error count:         158
tb_P =          99 AND P =   0
Error count:         159
tb_P =         110 AND P =   0
Error count:         160
tb_P =         121 AND P =   0
Error count:         161
tb_P =         132 AND P =   0
Error count:         162
tb_P =         143 AND P =   0
Error count:         163
tb_P =         154 AND P =   0
Error count:         164
tb_P =         165 AND P =   0
Error count:         165
tb_P =          12 AND P =   0
Error count:         166
tb_P =          24 AND P =   0
Error count:         167
tb_P =          36 AND P =   0
Error count:         168
tb_P =          48 AND P =   0
Error count:         169
tb_P =          60 AND P =   0
Error count:         170
tb_P =          72 AND P =   0
Error count:         171
tb_P =          84 AND P =   0
Error count:         172
tb_P =          96 AND P =   0
Error count:         173
tb_P =         108 AND P =   0
Error count:         174
tb_P =         120 AND P =   0
Error count:         175
tb_P =         132 AND P =   0
Error count:         176
tb_P =         144 AND P =   0
Error count:         177
tb_P =         156 AND P =   0
Error count:         178
tb_P =         168 AND P =   0
Error count:         179
tb_P =         180 AND P =   0
Error count:         180
tb_P =          13 AND P =   0
Error count:         181
tb_P =          26 AND P =   0
Error count:         182
tb_P =          39 AND P =   0
Error count:         183
tb_P =          52 AND P =   0
Error count:         184
tb_P =          65 AND P =   0
Error count:         185
tb_P =          78 AND P =   0
Error count:         186
tb_P =          91 AND P =   0
Error count:         187
tb_P =         104 AND P =   0
Error count:         188
tb_P =         117 AND P =   0
Error count:         189
tb_P =         130 AND P =   0
Error count:         190
tb_P =         143 AND P =   0
Error count:         191
tb_P =         156 AND P =   0
Error count:         192
tb_P =         169 AND P =   0
Error count:         193
tb_P =         182 AND P =   0
Error count:         194
tb_P =         195 AND P =   0
Error count:         195
tb_P =          14 AND P =   0
Error count:         196
tb_P =          28 AND P =   0
Error count:         197
tb_P =          42 AND P =   0
Error count:         198
tb_P =          56 AND P =   0
Error count:         199
tb_P =          70 AND P =   0
Error count:         200
tb_P =          84 AND P =   0
Error count:         201
tb_P =          98 AND P =   0
Error count:         202
tb_P =         112 AND P =   0
Error count:         203
tb_P =         126 AND P =   0
Error count:         204
tb_P =         140 AND P =   0
Error count:         205
tb_P =         154 AND P =   0
Error count:         206
tb_P =         168 AND P =   0
Error count:         207
tb_P =         182 AND P =   0
Error count:         208
tb_P =         196 AND P =   0
Error count:         209
tb_P =         210 AND P =   0
Error count:         210
tb_P =          15 AND P =   0
Error count:         211
tb_P =          30 AND P =   0
Error count:         212
tb_P =          45 AND P =   0
Error count:         213
tb_P =          60 AND P =   0
Error count:         214
tb_P =          75 AND P =   0
Error count:         215
tb_P =          90 AND P =   0
Error count:         216
tb_P =         105 AND P =   0
Error count:         217
tb_P =         120 AND P =   0
Error count:         218
tb_P =         135 AND P =   0
Error count:         219
tb_P =         150 AND P =   0
Error count:         220
tb_P =         165 AND P =   0
Error count:         221
tb_P =         180 AND P =   0
Error count:         222
tb_P =         195 AND P =   0
Error count:         223
tb_P =         210 AND P =   0
Error count:         224
tb_P =         225 AND P =   0
Error count:         225
There were         225 errors
tb_P =           1 AND P =   0
Error count:         226
tb_P =           2 AND P =   0
Error count:         227
tb_P =           3 AND P =   0
Error count:         228
tb_P =           4 AND P =   0
Error count:         229
tb_P =           5 AND P =   0
Error count:         230
tb_P =           6 AND P =   0
Error count:         231
tb_P =           7 AND P =   0
Error count:         232
tb_P =           8 AND P =   0
Error count:         233
tb_P =           9 AND P =   0
Error count:         234
tb_P =          10 AND P =   0
Error count:         235
tb_P =          11 AND P =   0
Error count:         236
tb_P =          12 AND P =   0
Error count:         237
tb_P =          13 AND P =   0
Error count:         238
tb_P =          14 AND P =   0
Error count:         239
tb_P =          15 AND P =   0
Error count:         240
tb_P =           2 AND P =   0
Error count:         241
tb_P =           4 AND P =   0
Error count:         242
tb_P =           6 AND P =   0
Error count:         243
tb_P =           8 AND P =   0
Error count:         244
tb_P =          10 AND P =   0
Error count:         245
tb_P =          12 AND P =   0
Error count:         246
tb_P =          14 AND P =   0
Error count:         247
tb_P =          16 AND P =   0
Error count:         248
tb_P =          18 AND P =   0
Error count:         249
tb_P =          20 AND P =   0
Error count:         250
tb_P =          22 AND P =   0
Error count:         251
tb_P =          24 AND P =   0
Error count:         252
tb_P =          26 AND P =   0
Error count:         253
tb_P =          28 AND P =   0
Error count:         254
tb_P =          30 AND P =   0
Error count:         255
tb_P =           3 AND P =   0
Error count:         256
tb_P =           6 AND P =   0
Error count:         257
tb_P =           9 AND P =   0
Error count:         258
tb_P =          12 AND P =   0
Error count:         259
tb_P =          15 AND P =   0
Error count:         260
tb_P =          18 AND P =   0
Error count:         261
tb_P =          21 AND P =   0
Error count:         262
tb_P =          24 AND P =   0
Error count:         263
tb_P =          27 AND P =   0
Error count:         264
tb_P =          30 AND P =   0
Error count:         265
tb_P =          33 AND P =   0
Error count:         266
tb_P =          36 AND P =   0
Error count:         267
tb_P =          39 AND P =   0
Error count:         268
tb_P =          42 AND P =   0
Error count:         269
tb_P =          45 AND P =   0
Error count:         270
tb_P =           4 AND P =   0
Error count:         271
tb_P =           8 AND P =   0
Error count:         272
tb_P =          12 AND P =   0
Error count:         273
tb_P =          16 AND P =   0
Error count:         274
tb_P =          20 AND P =   0
Error count:         275
tb_P =          24 AND P =   0
Error count:         276
tb_P =          28 AND P =   0
Error count:         277
tb_P =          32 AND P =   0
Error count:         278
tb_P =          36 AND P =   0
Error count:         279
tb_P =          40 AND P =   0
Error count:         280
tb_P =          44 AND P =   0
Error count:         281
tb_P =          48 AND P =   0
Error count:         282
tb_P =          52 AND P =   0
Error count:         283
tb_P =          56 AND P =   0
Error count:         284
tb_P =          60 AND P =   0
Error count:         285
tb_P =           5 AND P =   0
Error count:         286
tb_P =          10 AND P =   0
Error count:         287
tb_P =          15 AND P =   0
Error count:         288
tb_P =          20 AND P =   0
Error count:         289
tb_P =          25 AND P =   0
Error count:         290
tb_P =          30 AND P =   0
Error count:         291
tb_P =          35 AND P =   0
Error count:         292
tb_P =          40 AND P =   0
Error count:         293
tb_P =          45 AND P =   0
Error count:         294
tb_P =          50 AND P =   0
Error count:         295
tb_P =          55 AND P =   0
Error count:         296
tb_P =          60 AND P =   0
Error count:         297
tb_P =          65 AND P =   0
Error count:         298
tb_P =          70 AND P =   0
Error count:         299
tb_P =          75 AND P =   0
Error count:         300
tb_P =           6 AND P =   0
Error count:         301
tb_P =          12 AND P =   0
Error count:         302
tb_P =          18 AND P =   0
Error count:         303
tb_P =          24 AND P =   0
Error count:         304
tb_P =          30 AND P =   0
Error count:         305
tb_P =          36 AND P =   0
Error count:         306
tb_P =          42 AND P =   0
Error count:         307
tb_P =          48 AND P =   0
Error count:         308
tb_P =          54 AND P =   0
Error count:         309
tb_P =          60 AND P =   0
Error count:         310
tb_P =          66 AND P =   0
Error count:         311
tb_P =          72 AND P =   0
Error count:         312
tb_P =          78 AND P =   0
Error count:         313
tb_P =          84 AND P =   0
Error count:         314
tb_P =          90 AND P =   0
Error count:         315
tb_P =           7 AND P =   0
Error count:         316
tb_P =          14 AND P =   0
Error count:         317
tb_P =          21 AND P =   0
Error count:         318
tb_P =          28 AND P =   0
Error count:         319
tb_P =          35 AND P =   0
Error count:         320
tb_P =          42 AND P =   0
Error count:         321
tb_P =          49 AND P =   0
Error count:         322
tb_P =          56 AND P =   0
Error count:         323
tb_P =          63 AND P =   0
Error count:         324
tb_P =          70 AND P =   0
Error count:         325
tb_P =          77 AND P =   0
Error count:         326
tb_P =          84 AND P =   0
Error count:         327
tb_P =          91 AND P =   0
Error count:         328
tb_P =          98 AND P =   0
Error count:         329
tb_P =         105 AND P =   0
Error count:         330
tb_P =           8 AND P =   0
Error count:         331
tb_P =          16 AND P =   0
Error count:         332
tb_P =          24 AND P =   0
Error count:         333
tb_P =          32 AND P =   0
Error count:         334
tb_P =          40 AND P =   0
Error count:         335
tb_P =          48 AND P =   0
Error count:         336
tb_P =          56 AND P =   0
Error count:         337
tb_P =          64 AND P =   0
Error count:         338
tb_P =          72 AND P =   0
Error count:         339
tb_P =          80 AND P =   0
Error count:         340
tb_P =          88 AND P =   0
Error count:         341
tb_P =          96 AND P =   0
Error count:         342
tb_P =         104 AND P =   0
Error count:         343
tb_P =         112 AND P =   0
Error count:         344
tb_P =         120 AND P =   0
Error count:         345
tb_P =           9 AND P =   0
Error count:         346
tb_P =          18 AND P =   0
Error count:         347
tb_P =          27 AND P =   0
Error count:         348
tb_P =          36 AND P =   0
Error count:         349
tb_P =          45 AND P =   0
Error count:         350
tb_P =          54 AND P =   0
Error count:         351
tb_P =          63 AND P =   0
Error count:         352
tb_P =          72 AND P =   0
Error count:         353
tb_P =          81 AND P =   0
Error count:         354
tb_P =          90 AND P =   0
Error count:         355
tb_P =          99 AND P =   0
Error count:         356
tb_P =         108 AND P =   0
Error count:         357
tb_P =         117 AND P =   0
Error count:         358
tb_P =         126 AND P =   0
Error count:         359
tb_P =         135 AND P =   0
Error count:         360
tb_P =          10 AND P =   0
Error count:         361
tb_P =          20 AND P =   0
Error count:         362
tb_P =          30 AND P =   0
Error count:         363
tb_P =          40 AND P =   0
Error count:         364
tb_P =          50 AND P =   0
Error count:         365
tb_P =          60 AND P =   0
Error count:         366
tb_P =          70 AND P =   0
Error count:         367
tb_P =          80 AND P =   0
Error count:         368
tb_P =          90 AND P =   0
Error count:         369
tb_P =         100 AND P =   0
Error count:         370
tb_P =         110 AND P =   0
Error count:         371
tb_P =         120 AND P =   0
Error count:         372
tb_P =         130 AND P =   0
Error count:         373
tb_P =         140 AND P =   0
Error count:         374
tb_P =         150 AND P =   0
Error count:         375
tb_P =          11 AND P =   0
Error count:         376
tb_P =          22 AND P =   0
Error count:         377
tb_P =          33 AND P =   0
Error count:         378
tb_P =          44 AND P =   0
Error count:         379
tb_P =          55 AND P =   0
Error count:         380
tb_P =          66 AND P =   0
Error count:         381
tb_P =          77 AND P =   0
Error count:         382
tb_P =          88 AND P =   0
Error count:         383
tb_P =          99 AND P =   0
Error count:         384
tb_P =         110 AND P =   0
Error count:         385
tb_P =         121 AND P =   0
Error count:         386
tb_P =         132 AND P =   0
Error count:         387
tb_P =         143 AND P =   0
Error count:         388
tb_P =         154 AND P =   0
Error count:         389
tb_P =         165 AND P =   0
Error count:         390
tb_P =          12 AND P =   0
Error count:         391
tb_P =          24 AND P =   0
Error count:         392
tb_P =          36 AND P =   0
Error count:         393
tb_P =          48 AND P =   0
Error count:         394
tb_P =          60 AND P =   0
Error count:         395
tb_P =          72 AND P =   0
Error count:         396
tb_P =          84 AND P =   0
Error count:         397
tb_P =          96 AND P =   0
Error count:         398
tb_P =         108 AND P =   0
Error count:         399
tb_P =         120 AND P =   0
Error count:         400
tb_P =         132 AND P =   0
Error count:         401
tb_P =         144 AND P =   0
Error count:         402
tb_P =         156 AND P =   0
Error count:         403
tb_P =         168 AND P =   0
Error count:         404
tb_P =         180 AND P =   0
Error count:         405
tb_P =          13 AND P =   0
Error count:         406
tb_P =          26 AND P =   0
Error count:         407
tb_P =          39 AND P =   0
Error count:         408
tb_P =          52 AND P =   0
Error count:         409
tb_P =          65 AND P =   0
Error count:         410
tb_P =          78 AND P =   0
Error count:         411
tb_P =          91 AND P =   0
Error count:         412
tb_P =         104 AND P =   0
Error count:         413
tb_P =         117 AND P =   0
Error count:         414
tb_P =         130 AND P =   0
Error count:         415
tb_P =         143 AND P =   0
Error count:         416
tb_P =         156 AND P =   0
Error count:         417
tb_P =         169 AND P =   0
Error count:         418
tb_P =         182 AND P =   0
Error count:         419
tb_P =         195 AND P =   0
Error count:         420
tb_P =          14 AND P =   0
Error count:         421
tb_P =          28 AND P =   0
Error count:         422
tb_P =          42 AND P =   0
Error count:         423
tb_P =          56 AND P =   0
Error count:         424
tb_P =          70 AND P =   0
Error count:         425
tb_P =          84 AND P =   0
Error count:         426
tb_P =          98 AND P =   0
Error count:         427
tb_P =         112 AND P =   0
Error count:         428
tb_P =         126 AND P =   0
Error count:         429
tb_P =         140 AND P =   0
Error count:         430
tb_P =         154 AND P =   0
Error count:         431
tb_P =         168 AND P =   0
Error count:         432
tb_P =         182 AND P =   0
Error count:         433
tb_P =         196 AND P =   0
Error count:         434
tb_P =         210 AND P =   0
Error count:         435
tb_P =          15 AND P =   0
Error count:         436
tb_P =          30 AND P =   0
Error count:         437
tb_P =          45 AND P =   0
Error count:         438
tb_P =          60 AND P =   0
Error count:         439
tb_P =          75 AND P =   0
Error count:         440
tb_P =          90 AND P =   0
Error count:         441
tb_P =         105 AND P =   0
Error count:         442
tb_P =         120 AND P =   0
Error count:         443
tb_P =         135 AND P =   0
Error count:         444
tb_P =         150 AND P =   0
Error count:         445
tb_P =         165 AND P =   0
Error count:         446
tb_P =         180 AND P =   0
Error count:         447
tb_P =         195 AND P =   0
Error count:         448
tb_P =         210 AND P =   0
Error count:         449
tb_P =         225 AND P =   0
Error count:         450
There were         450 errors
tb_P =           1 AND P =   0
Error count:         451
tb_P =           2 AND P =   0
Error count:         452
tb_P =           3 AND P =   0
Error count:         453
tb_P =           4 AND P =   0
Error count:         454
tb_P =           5 AND P =   0
Error count:         455
tb_P =           6 AND P =   0
Error count:         456
tb_P =           7 AND P =   0
Error count:         457
tb_P =           8 AND P =   0
Error count:         458
tb_P =           9 AND P =   0
Error count:         459
tb_P =          10 AND P =   0
Error count:         460
tb_P =          11 AND P =   0
Error count:         461
tb_P =          12 AND P =   0
Error count:         462
tb_P =          13 AND P =   0
Error count:         463
tb_P =          14 AND P =   0
Error count:         464
tb_P =          15 AND P =   0
Error count:         465
tb_P =           2 AND P =   0
Error count:         466
tb_P =           4 AND P =   0
Error count:         467
tb_P =           6 AND P =   0
Error count:         468
tb_P =           8 AND P =   0
Error count:         469
tb_P =          10 AND P =   0
Error count:         470
tb_P =          12 AND P =   0
Error count:         471
tb_P =          14 AND P =   0
Error count:         472
tb_P =          16 AND P =   0
Error count:         473
tb_P =          18 AND P =   0
Error count:         474
tb_P =          20 AND P =   0
Error count:         475
tb_P =          22 AND P =   0
Error count:         476
tb_P =          24 AND P =   0
Error count:         477
tb_P =          26 AND P =   0
Error count:         478
tb_P =          28 AND P =   0
Error count:         479
tb_P =          30 AND P =   0
Error count:         480
tb_P =           3 AND P =   0
Error count:         481
tb_P =           6 AND P =   0
Error count:         482
tb_P =           9 AND P =   0
Error count:         483
tb_P =          12 AND P =   0
Error count:         484
tb_P =          15 AND P =   0
Error count:         485
tb_P =          18 AND P =   0
Error count:         486
tb_P =          21 AND P =   0
Error count:         487
tb_P =          24 AND P =   0
Error count:         488
tb_P =          27 AND P =   0
Error count:         489
tb_P =          30 AND P =   0
Error count:         490
tb_P =          33 AND P =   0
Error count:         491
tb_P =          36 AND P =   0
Error count:         492
tb_P =          39 AND P =   0
Error count:         493
tb_P =          42 AND P =   0
Error count:         494
tb_P =          45 AND P =   0
Error count:         495
tb_P =           4 AND P =   0
Error count:         496
tb_P =           8 AND P =   0
Error count:         497
tb_P =          12 AND P =   0
Error count:         498
tb_P =          16 AND P =   0
Error count:         499
tb_P =          20 AND P =   0
Error count:         500
tb_P =          24 AND P =   0
Error count:         501
tb_P =          28 AND P =   0
Error count:         502
tb_P =          32 AND P =   0
Error count:         503
tb_P =          36 AND P =   0
Error count:         504
tb_P =          40 AND P =   0
Error count:         505
tb_P =          44 AND P =   0
Error count:         506
tb_P =          48 AND P =   0
Error count:         507
tb_P =          52 AND P =   0
Error count:         508
tb_P =          56 AND P =   0
Error count:         509
tb_P =          60 AND P =   0
Error count:         510
tb_P =           5 AND P =   0
Error count:         511
tb_P =          10 AND P =   0
Error count:         512
tb_P =          15 AND P =   0
Error count:         513
tb_P =          20 AND P =   0
Error count:         514
tb_P =          25 AND P =   0
Error count:         515
tb_P =          30 AND P =   0
Error count:         516
tb_P =          35 AND P =   0
Error count:         517
tb_P =          40 AND P =   0
Error count:         518
tb_P =          45 AND P =   0
Error count:         519
tb_P =          50 AND P =   0
Error count:         520
tb_P =          55 AND P =   0
Error count:         521
tb_P =          60 AND P =   0
Error count:         522
tb_P =          65 AND P =   0
Error count:         523
tb_P =          70 AND P =   0
Error count:         524
tb_P =          75 AND P =   0
Error count:         525
tb_P =           6 AND P =   0
Error count:         526
tb_P =          12 AND P =   0
Error count:         527
tb_P =          18 AND P =   0
Error count:         528
tb_P =          24 AND P =   0
Error count:         529
tb_P =          30 AND P =   0
Error count:         530
tb_P =          36 AND P =   0
Error count:         531
tb_P =          42 AND P =   0
Error count:         532
tb_P =          48 AND P =   0
Error count:         533
tb_P =          54 AND P =   0
Error count:         534
tb_P =          60 AND P =   0
Error count:         535
tb_P =          66 AND P =   0
Error count:         536
tb_P =          72 AND P =   0
Error count:         537
tb_P =          78 AND P =   0
Error count:         538
tb_P =          84 AND P =   0
Error count:         539
tb_P =          90 AND P =   0
Error count:         540
tb_P =           7 AND P =   0
Error count:         541
tb_P =          14 AND P =   0
Error count:         542
tb_P =          21 AND P =   0
Error count:         543
tb_P =          28 AND P =   0
Error count:         544
tb_P =          35 AND P =   0
Error count:         545
tb_P =          42 AND P =   0
Error count:         546
tb_P =          49 AND P =   0
Error count:         547
tb_P =          56 AND P =   0
Error count:         548
tb_P =          63 AND P =   0
Error count:         549
tb_P =          70 AND P =   0
Error count:         550
tb_P =          77 AND P =   0
Error count:         551
tb_P =          84 AND P =   0
Error count:         552
tb_P =          91 AND P =   0
Error count:         553
tb_P =          98 AND P =   0
Error count:         554
tb_P =         105 AND P =   0
Error count:         555
tb_P =           8 AND P =   0
Error count:         556
tb_P =          16 AND P =   0
Error count:         557
tb_P =          24 AND P =   0
Error count:         558
tb_P =          32 AND P =   0
Error count:         559
tb_P =          40 AND P =   0
Error count:         560
tb_P =          48 AND P =   0
Error count:         561
tb_P =          56 AND P =   0
Error count:         562
tb_P =          64 AND P =   0
Error count:         563
tb_P =          72 AND P =   0
Error count:         564
tb_P =          80 AND P =   0
Error count:         565
tb_P =          88 AND P =   0
Error count:         566
tb_P =          96 AND P =   0
Error count:         567
tb_P =         104 AND P =   0
Error count:         568
tb_P =         112 AND P =   0
Error count:         569
tb_P =         120 AND P =   0
Error count:         570
tb_P =           9 AND P =   0
Error count:         571
tb_P =          18 AND P =   0
Error count:         572
tb_P =          27 AND P =   0
Error count:         573
tb_P =          36 AND P =   0
Error count:         574
tb_P =          45 AND P =   0
Error count:         575
tb_P =          54 AND P =   0
Error count:         576
tb_P =          63 AND P =   0
Error count:         577
tb_P =          72 AND P =   0
Error count:         578
tb_P =          81 AND P =   0
Error count:         579
tb_P =          90 AND P =   0
Error count:         580
tb_P =          99 AND P =   0
Error count:         581
tb_P =         108 AND P =   0
Error count:         582
tb_P =         117 AND P =   0
Error count:         583
tb_P =         126 AND P =   0
Error count:         584
tb_P =         135 AND P =   0
Error count:         585
tb_P =          10 AND P =   0
Error count:         586
tb_P =          20 AND P =   0
Error count:         587
tb_P =          30 AND P =   0
Error count:         588
tb_P =          40 AND P =   0
Error count:         589
tb_P =          50 AND P =   0
Error count:         590
tb_P =          60 AND P =   0
Error count:         591
tb_P =          70 AND P =   0
Error count:         592
tb_P =          80 AND P =   0
Error count:         593
tb_P =          90 AND P =   0
Error count:         594
tb_P =         100 AND P =   0
Error count:         595
tb_P =         110 AND P =   0
Error count:         596
tb_P =         120 AND P =   0
Error count:         597
tb_P =         130 AND P =   0
Error count:         598
tb_P =         140 AND P =   0
Error count:         599
tb_P =         150 AND P =   0
Error count:         600
tb_P =          11 AND P =   0
Error count:         601
tb_P =          22 AND P =   0
Error count:         602
tb_P =          33 AND P =   0
Error count:         603
tb_P =          44 AND P =   0
Error count:         604
tb_P =          55 AND P =   0
Error count:         605
tb_P =          66 AND P =   0
Error count:         606
tb_P =          77 AND P =   0
Error count:         607
tb_P =          88 AND P =   0
Error count:         608
tb_P =          99 AND P =   0
Error count:         609
tb_P =         110 AND P =   0
Error count:         610
tb_P =         121 AND P =   0
Error count:         611
tb_P =         132 AND P =   0
Error count:         612
tb_P =         143 AND P =   0
Error count:         613
tb_P =         154 AND P =   0
Error count:         614
tb_P =         165 AND P =   0
Error count:         615
tb_P =          12 AND P =   0
Error count:         616
tb_P =          24 AND P =   0
Error count:         617
tb_P =          36 AND P =   0
Error count:         618
tb_P =          48 AND P =   0
Error count:         619
tb_P =          60 AND P =   0
Error count:         620
tb_P =          72 AND P =   0
Error count:         621
tb_P =          84 AND P =   0
Error count:         622
tb_P =          96 AND P =   0
Error count:         623
tb_P =         108 AND P =   0
Error count:         624
tb_P =         120 AND P =   0
Error count:         625
tb_P =         132 AND P =   0
Error count:         626
tb_P =         144 AND P =   0
Error count:         627
tb_P =         156 AND P =   0
Error count:         628
tb_P =         168 AND P =   0
Error count:         629
tb_P =         180 AND P =   0
Error count:         630
tb_P =          13 AND P =   0
Error count:         631
tb_P =          26 AND P =   0
Error count:         632
tb_P =          39 AND P =   0
Error count:         633
tb_P =          52 AND P =   0
Error count:         634
tb_P =          65 AND P =   0
Error count:         635
tb_P =          78 AND P =   0
Error count:         636
tb_P =          91 AND P =   0
Error count:         637
tb_P =         104 AND P =   0
Error count:         638
tb_P =         117 AND P =   0
Error count:         639
tb_P =         130 AND P =   0
Error count:         640
tb_P =         143 AND P =   0
Error count:         641
tb_P =         156 AND P =   0
Error count:         642
tb_P =         169 AND P =   0
Error count:         643
tb_P =         182 AND P =   0
Error count:         644
tb_P =         195 AND P =   0
Error count:         645
tb_P =          14 AND P =   0
Error count:         646
tb_P =          28 AND P =   0
Error count:         647
tb_P =          42 AND P =   0
Error count:         648
tb_P =          56 AND P =   0
Error count:         649
tb_P =          70 AND P =   0
Error count:         650
tb_P =          84 AND P =   0
Error count:         651
tb_P =          98 AND P =   0
Error count:         652
tb_P =         112 AND P =   0
Error count:         653
tb_P =         126 AND P =   0
Error count:         654
tb_P =         140 AND P =   0
Error count:         655
tb_P =         154 AND P =   0
Error count:         656
tb_P =         168 AND P =   0
Error count:         657
tb_P =         182 AND P =   0
Error count:         658
tb_P =         196 AND P =   0
Error count:         659
tb_P =         210 AND P =   0
Error count:         660
tb_P =          15 AND P =   0
Error count:         661
tb_P =          30 AND P =   0
Error count:         662
tb_P =          45 AND P =   0
Error count:         663
tb_P =          60 AND P =   0
Error count:         664
tb_P =          75 AND P =   0
Error count:         665
tb_P =          90 AND P =   0
Error count:         666
tb_P =         105 AND P =   0
Error count:         667
tb_P =         120 AND P =   0
Error count:         668
tb_P =         135 AND P =   0
Error count:         669
tb_P =         150 AND P =   0
Error count:         670
tb_P =         165 AND P =   0
Error count:         671
tb_P =         180 AND P =   0
Error count:         672
tb_P =         195 AND P =   0
Error count:         673
tb_P =         210 AND P =   0
Error count:         674
tb_P =         225 AND P =   0
Error count:         675
There were         675 errors
tb_P =           1 AND P =   0
Error count:         676
tb_P =           2 AND P =   0
Error count:         677
tb_P =           3 AND P =   0
Error count:         678
tb_P =           4 AND P =   0
Error count:         679
tb_P =           5 AND P =   0
Error count:         680
tb_P =           6 AND P =   0
Error count:         681
tb_P =           7 AND P =   0
Error count:         682
tb_P =           8 AND P =   0
Error count:         683
tb_P =           9 AND P =   0
Error count:         684
tb_P =          10 AND P =   0
Error count:         685
tb_P =          11 AND P =   0
Error count:         686
tb_P =          12 AND P =   0
Error count:         687
tb_P =          13 AND P =   0
Error count:         688
tb_P =          14 AND P =   0
Error count:         689
tb_P =          15 AND P =   0
Error count:         690
tb_P =           2 AND P =   0
Error count:         691
tb_P =           4 AND P =   0
Error count:         692
tb_P =           6 AND P =   0
Error count:         693
tb_P =           8 AND P =   0
Error count:         694
tb_P =          10 AND P =   0
Error count:         695
tb_P =          12 AND P =   0
Error count:         696
tb_P =          14 AND P =   0
Error count:         697
tb_P =          16 AND P =   0
Error count:         698
tb_P =          18 AND P =   0
Error count:         699
tb_P =          20 AND P =   0
Error count:         700
tb_P =          22 AND P =   0
Error count:         701
tb_P =          24 AND P =   0
Error count:         702
tb_P =          26 AND P =   0
Error count:         703
tb_P =          28 AND P =   0
Error count:         704
tb_P =          30 AND P =   0
Error count:         705
tb_P =           3 AND P =   0
Error count:         706
tb_P =           6 AND P =   0
Error count:         707
tb_P =           9 AND P =   0
Error count:         708
tb_P =          12 AND P =   0
Error count:         709
tb_P =          15 AND P =   0
Error count:         710
tb_P =          18 AND P =   0
Error count:         711
tb_P =          21 AND P =   0
Error count:         712
tb_P =          24 AND P =   0
Error count:         713
tb_P =          27 AND P =   0
Error count:         714
tb_P =          30 AND P =   0
Error count:         715
tb_P =          33 AND P =   0
Error count:         716
tb_P =          36 AND P =   0
Error count:         717
tb_P =          39 AND P =   0
Error count:         718
tb_P =          42 AND P =   0
Error count:         719
tb_P =          45 AND P =   0
Error count:         720
tb_P =           4 AND P =   0
Error count:         721
tb_P =           8 AND P =   0
Error count:         722
tb_P =          12 AND P =   0
Error count:         723
tb_P =          16 AND P =   0
Error count:         724
tb_P =          20 AND P =   0
Error count:         725
tb_P =          24 AND P =   0
Error count:         726
tb_P =          28 AND P =   0
Error count:         727
tb_P =          32 AND P =   0
Error count:         728
tb_P =          36 AND P =   0
Error count:         729
tb_P =          40 AND P =   0
Error count:         730
tb_P =          44 AND P =   0
Error count:         731
tb_P =          48 AND P =   0
Error count:         732
tb_P =          52 AND P =   0
Error count:         733
tb_P =          56 AND P =   0
Error count:         734
tb_P =          60 AND P =   0
Error count:         735
tb_P =           5 AND P =   0
Error count:         736
tb_P =          10 AND P =   0
Error count:         737
tb_P =          15 AND P =   0
Error count:         738
tb_P =          20 AND P =   0
Error count:         739
tb_P =          25 AND P =   0
Error count:         740
tb_P =          30 AND P =   0
Error count:         741
tb_P =          35 AND P =   0
Error count:         742
tb_P =          40 AND P =   0
Error count:         743
tb_P =          45 AND P =   0
Error count:         744
tb_P =          50 AND P =   0
Error count:         745
tb_P =          55 AND P =   0
Error count:         746
tb_P =          60 AND P =   0
Error count:         747
tb_P =          65 AND P =   0
Error count:         748
tb_P =          70 AND P =   0
Error count:         749
tb_P =          75 AND P =   0
Error count:         750
tb_P =           6 AND P =   0
Error count:         751
tb_P =          12 AND P =   0
Error count:         752
tb_P =          18 AND P =   0
Error count:         753
tb_P =          24 AND P =   0
Error count:         754
tb_P =          30 AND P =   0
Error count:         755
tb_P =          36 AND P =   0
Error count:         756
tb_P =          42 AND P =   0
Error count:         757
tb_P =          48 AND P =   0
Error count:         758
tb_P =          54 AND P =   0
Error count:         759
tb_P =          60 AND P =   0
Error count:         760
tb_P =          66 AND P =   0
Error count:         761
tb_P =          72 AND P =   0
Error count:         762
tb_P =          78 AND P =   0
Error count:         763
tb_P =          84 AND P =   0
Error count:         764
tb_P =          90 AND P =   0
Error count:         765
tb_P =           7 AND P =   0
Error count:         766
tb_P =          14 AND P =   0
Error count:         767
tb_P =          21 AND P =   0
Error count:         768
tb_P =          28 AND P =   0
Error count:         769
tb_P =          35 AND P =   0
Error count:         770
tb_P =          42 AND P =   0
Error count:         771
tb_P =          49 AND P =   0
Error count:         772
tb_P =          56 AND P =   0
Error count:         773
tb_P =          63 AND P =   0
Error count:         774
tb_P =          70 AND P =   0
Error count:         775
tb_P =          77 AND P =   0
Error count:         776
tb_P =          84 AND P =   0
Error count:         777
tb_P =          91 AND P =   0
Error count:         778
tb_P =          98 AND P =   0
Error count:         779
tb_P =         105 AND P =   0
Error count:         780
tb_P =           8 AND P =   0
Error count:         781
tb_P =          16 AND P =   0
Error count:         782
tb_P =          24 AND P =   0
Error count:         783
tb_P =          32 AND P =   0
Error count:         784
tb_P =          40 AND P =   0
Error count:         785
tb_P =          48 AND P =   0
Error count:         786
tb_P =          56 AND P =   0
Error count:         787
tb_P =          64 AND P =   0
Error count:         788
tb_P =          72 AND P =   0
Error count:         789
tb_P =          80 AND P =   0
Error count:         790
tb_P =          88 AND P =   0
Error count:         791
tb_P =          96 AND P =   0
Error count:         792
tb_P =         104 AND P =   0
Error count:         793
tb_P =         112 AND P =   0
Error count:         794
tb_P =         120 AND P =   0
Error count:         795
tb_P =           9 AND P =   0
Error count:         796
tb_P =          18 AND P =   0
Error count:         797
tb_P =          27 AND P =   0
Error count:         798
tb_P =          36 AND P =   0
Error count:         799
tb_P =          45 AND P =   0
Error count:         800
tb_P =          54 AND P =   0
Error count:         801
tb_P =          63 AND P =   0
Error count:         802
tb_P =          72 AND P =   0
Error count:         803
tb_P =          81 AND P =   0
Error count:         804
tb_P =          90 AND P =   0
Error count:         805
tb_P =          99 AND P =   0
Error count:         806
tb_P =         108 AND P =   0
Error count:         807
tb_P =         117 AND P =   0
Error count:         808
tb_P =         126 AND P =   0
Error count:         809
tb_P =         135 AND P =   0
Error count:         810
tb_P =          10 AND P =   0
Error count:         811
tb_P =          20 AND P =   0
Error count:         812
tb_P =          30 AND P =   0
Error count:         813
tb_P =          40 AND P =   0
Error count:         814
tb_P =          50 AND P =   0
Error count:         815
tb_P =          60 AND P =   0
Error count:         816
tb_P =          70 AND P =   0
Error count:         817
tb_P =          80 AND P =   0
Error count:         818
tb_P =          90 AND P =   0
Error count:         819
tb_P =         100 AND P =   0
Error count:         820
tb_P =         110 AND P =   0
Error count:         821
tb_P =         120 AND P =   0
Error count:         822
tb_P =         130 AND P =   0
Error count:         823
tb_P =         140 AND P =   0
Error count:         824
tb_P =         150 AND P =   0
Error count:         825
tb_P =          11 AND P =   0
Error count:         826
tb_P =          22 AND P =   0
Error count:         827
tb_P =          33 AND P =   0
Error count:         828
tb_P =          44 AND P =   0
Error count:         829
tb_P =          55 AND P =   0
Error count:         830
tb_P =          66 AND P =   0
Error count:         831
tb_P =          77 AND P =   0
Error count:         832
tb_P =          88 AND P =   0
Error count:         833
tb_P =          99 AND P =   0
Error count:         834
tb_P =         110 AND P =   0
Error count:         835
tb_P =         121 AND P =   0
Error count:         836
tb_P =         132 AND P =   0
Error count:         837
tb_P =         143 AND P =   0
Error count:         838
tb_P =         154 AND P =   0
Error count:         839
tb_P =         165 AND P =   0
Error count:         840
tb_P =          12 AND P =   0
Error count:         841
tb_P =          24 AND P =   0
Error count:         842
tb_P =          36 AND P =   0
Error count:         843
tb_P =          48 AND P =   0
Error count:         844
tb_P =          60 AND P =   0
Error count:         845
tb_P =          72 AND P =   0
Error count:         846
tb_P =          84 AND P =   0
Error count:         847
tb_P =          96 AND P =   0
Error count:         848
tb_P =         108 AND P =   0
Error count:         849
tb_P =         120 AND P =   0
Error count:         850
tb_P =         132 AND P =   0
Error count:         851
tb_P =         144 AND P =   0
Error count:         852
tb_P =         156 AND P =   0
Error count:         853
tb_P =         168 AND P =   0
Error count:         854
tb_P =         180 AND P =   0
Error count:         855
tb_P =          13 AND P =   0
Error count:         856
tb_P =          26 AND P =   0
Error count:         857
tb_P =          39 AND P =   0
Error count:         858
tb_P =          52 AND P =   0
Error count:         859
tb_P =          65 AND P =   0
Error count:         860
tb_P =          78 AND P =   0
Error count:         861
tb_P =          91 AND P =   0
Error count:         862
tb_P =         104 AND P =   0
Error count:         863
tb_P =         117 AND P =   0
Error count:         864
tb_P =         130 AND P =   0
Error count:         865
tb_P =         143 AND P =   0
Error count:         866
tb_P =         156 AND P =   0
Error count:         867
tb_P =         169 AND P =   0
Error count:         868
tb_P =         182 AND P =   0
Error count:         869
tb_P =         195 AND P =   0
Error count:         870
tb_P =          14 AND P =   0
Error count:         871
tb_P =          28 AND P =   0
Error count:         872
tb_P =          42 AND P =   0
Error count:         873
tb_P =          56 AND P =   0
Error count:         874
tb_P =          70 AND P =   0
Error count:         875
tb_P =          84 AND P =   0
Error count:         876
tb_P =          98 AND P =   0
Error count:         877
tb_P =         112 AND P =   0
Error count:         878
tb_P =         126 AND P =   0
Error count:         879
tb_P =         140 AND P =   0
Error count:         880
tb_P =         154 AND P =   0
Error count:         881
tb_P =         168 AND P =   0
Error count:         882
tb_P =         182 AND P =   0
Error count:         883
tb_P =         196 AND P =   0
Error count:         884
tb_P =         210 AND P =   0
Error count:         885
tb_P =          15 AND P =   0
Error count:         886
tb_P =          30 AND P =   0
Error count:         887
tb_P =          45 AND P =   0
Error count:         888
tb_P =          60 AND P =   0
Error count:         889
tb_P =          75 AND P =   0
Error count:         890
tb_P =          90 AND P =   0
Error count:         891
tb_P =         105 AND P =   0
Error count:         892
tb_P =         120 AND P =   0
Error count:         893
tb_P =         135 AND P =   0
Error count:         894
tb_P =         150 AND P =   0
Error count:         895
tb_P =         165 AND P =   0
Error count:         896
tb_P =         180 AND P =   0
Error count:         897
tb_P =         195 AND P =   0
Error count:         898
tb_P =         210 AND P =   0
Error count:         899
tb_P =         225 AND P =   0
Error count:         900
There were         900 errors
tb_P =           1 AND P =   0
Error count:         901
tb_P =           2 AND P =   0
Error count:         902
tb_P =           3 AND P =   0
Error count:         903
tb_P =           4 AND P =   0
Error count:         904
tb_P =           5 AND P =   0
Error count:         905
tb_P =           6 AND P =   0
Error count:         906
tb_P =           7 AND P =   0
Error count:         907
tb_P =           8 AND P =   0
Error count:         908
tb_P =           9 AND P =   0
Error count:         909
tb_P =          10 AND P =   0
Error count:         910
tb_P =          11 AND P =   0
Error count:         911
tb_P =          12 AND P =   0
Error count:         912
tb_P =          13 AND P =   0
Error count:         913
tb_P =          14 AND P =   0
Error count:         914
tb_P =          15 AND P =   0
Error count:         915
tb_P =           2 AND P =   0
Error count:         916
tb_P =           4 AND P =   0
Error count:         917
tb_P =           6 AND P =   0
Error count:         918
tb_P =           8 AND P =   0
Error count:         919
tb_P =          10 AND P =   0
Error count:         920
tb_P =          12 AND P =   0
Error count:         921
tb_P =          14 AND P =   0
Error count:         922
tb_P =          16 AND P =   0
Error count:         923
tb_P =          18 AND P =   0
Error count:         924
tb_P =          20 AND P =   0
Error count:         925
tb_P =          22 AND P =   0
Error count:         926
tb_P =          24 AND P =   0
Error count:         927
tb_P =          26 AND P =   0
Error count:         928
tb_P =          28 AND P =   0
Error count:         929
tb_P =          30 AND P =   0
Error count:         930
tb_P =           3 AND P =   0
Error count:         931
tb_P =           6 AND P =   0
Error count:         932
tb_P =           9 AND P =   0
Error count:         933
tb_P =          12 AND P =   0
Error count:         934
tb_P =          15 AND P =   0
Error count:         935
tb_P =          18 AND P =   0
Error count:         936
tb_P =          21 AND P =   0
Error count:         937
tb_P =          24 AND P =   0
Error count:         938
tb_P =          27 AND P =   0
Error count:         939
tb_P =          30 AND P =   0
Error count:         940
tb_P =          33 AND P =   0
Error count:         941
tb_P =          36 AND P =   0
Error count:         942
tb_P =          39 AND P =   0
Error count:         943
tb_P =          42 AND P =   0
Error count:         944
tb_P =          45 AND P =   0
Error count:         945
tb_P =           4 AND P =   0
Error count:         946
tb_P =           8 AND P =   0
Error count:         947
tb_P =          12 AND P =   0
Error count:         948
tb_P =          16 AND P =   0
Error count:         949
tb_P =          20 AND P =   0
Error count:         950
tb_P =          24 AND P =   0
Error count:         951
tb_P =          28 AND P =   0
Error count:         952
tb_P =          32 AND P =   0
Error count:         953
tb_P =          36 AND P =   0
Error count:         954
tb_P =          40 AND P =   0
Error count:         955
tb_P =          44 AND P =   0
Error count:         956
tb_P =          48 AND P =   0
Error count:         957
tb_P =          52 AND P =   0
Error count:         958
tb_P =          56 AND P =   0
Error count:         959
tb_P =          60 AND P =   0
Error count:         960
tb_P =           5 AND P =   0
Error count:         961
tb_P =          10 AND P =   0
Error count:         962
tb_P =          15 AND P =   0
Error count:         963
tb_P =          20 AND P =   0
Error count:         964
tb_P =          25 AND P =   0
Error count:         965
tb_P =          30 AND P =   0
Error count:         966
tb_P =          35 AND P =   0
Error count:         967
tb_P =          40 AND P =   0
Error count:         968
tb_P =          45 AND P =   0
Error count:         969
tb_P =          50 AND P =   0
Error count:         970
tb_P =          55 AND P =   0
Error count:         971
tb_P =          60 AND P =   0
Error count:         972
tb_P =          65 AND P =   0
Error count:         973
tb_P =          70 AND P =   0
Error count:         974
tb_P =          75 AND P =   0
Error count:         975
tb_P =           6 AND P =   0
Error count:         976
tb_P =          12 AND P =   0
Error count:         977
tb_P =          18 AND P =   0
Error count:         978
tb_P =          24 AND P =   0
Error count:         979
tb_P =          30 AND P =   0
Error count:         980
tb_P =          36 AND P =   0
Error count:         981
tb_P =          42 AND P =   0
Error count:         982
tb_P =          48 AND P =   0
Error count:         983
tb_P =          54 AND P =   0
Error count:         984
tb_P =          60 AND P =   0
Error count:         985
tb_P =          66 AND P =   0
Error count:         986
tb_P =          72 AND P =   0
Error count:         987
tb_P =          78 AND P =   0
Error count:         988
tb_P =          84 AND P =   0
Error count:         989
tb_P =          90 AND P =   0
Error count:         990
tb_P =           7 AND P =   0
Error count:         991
tb_P =          14 AND P =   0
Error count:         992
tb_P =          21 AND P =   0
Error count:         993
tb_P =          28 AND P =   0
Error count:         994
tb_P =          35 AND P =   0
Error count:         995
tb_P =          42 AND P =   0
Error count:         996
tb_P =          49 AND P =   0
Error count:         997
tb_P =          56 AND P =   0
Error count:         998
tb_P =          63 AND P =   0
Error count:         999
tb_P =          70 AND P =   0
Error count:        1000
tb_P =          77 AND P =   0
Error count:        1001
tb_P =          84 AND P =   0
Error count:        1002
tb_P =          91 AND P =   0
Error count:        1003
tb_P =          98 AND P =   0
Error count:        1004
tb_P =         105 AND P =   0
Error count:        1005
tb_P =           8 AND P =   0
Error count:        1006
tb_P =          16 AND P =   0
Error count:        1007
tb_P =          24 AND P =   0
Error count:        1008
tb_P =          32 AND P =   0
Error count:        1009
tb_P =          40 AND P =   0
Error count:        1010
tb_P =          48 AND P =   0
Error count:        1011
tb_P =          56 AND P =   0
Error count:        1012
tb_P =          64 AND P =   0
Error count:        1013
tb_P =          72 AND P =   0
Error count:        1014
tb_P =          80 AND P =   0
Error count:        1015
tb_P =          88 AND P =   0
Error count:        1016
tb_P =          96 AND P =   0
Error count:        1017
tb_P =         104 AND P =   0
Error count:        1018
tb_P =         112 AND P =   0
Error count:        1019
tb_P =         120 AND P =   0
Error count:        1020
tb_P =           9 AND P =   0
Error count:        1021
tb_P =          18 AND P =   0
Error count:        1022
tb_P =          27 AND P =   0
Error count:        1023
tb_P =          36 AND P =   0
Error count:        1024
tb_P =          45 AND P =   0
Error count:        1025
tb_P =          54 AND P =   0
Error count:        1026
tb_P =          63 AND P =   0
Error count:        1027
tb_P =          72 AND P =   0
Error count:        1028
tb_P =          81 AND P =   0
Error count:        1029
tb_P =          90 AND P =   0
Error count:        1030
tb_P =          99 AND P =   0
Error count:        1031
tb_P =         108 AND P =   0
Error count:        1032
tb_P =         117 AND P =   0
Error count:        1033
tb_P =         126 AND P =   0
Error count:        1034
tb_P =         135 AND P =   0
Error count:        1035
tb_P =          10 AND P =   0
Error count:        1036
tb_P =          20 AND P =   0
Error count:        1037
tb_P =          30 AND P =   0
Error count:        1038
tb_P =          40 AND P =   0
Error count:        1039
tb_P =          50 AND P =   0
Error count:        1040
tb_P =          60 AND P =   0
Error count:        1041
tb_P =          70 AND P =   0
Error count:        1042
tb_P =          80 AND P =   0
Error count:        1043
tb_P =          90 AND P =   0
Error count:        1044
tb_P =         100 AND P =   0
Error count:        1045
tb_P =         110 AND P =   0
Error count:        1046
tb_P =         120 AND P =   0
Error count:        1047
tb_P =         130 AND P =   0
Error count:        1048
tb_P =         140 AND P =   0
Error count:        1049
tb_P =         150 AND P =   0
Error count:        1050
tb_P =          11 AND P =   0
Error count:        1051
tb_P =          22 AND P =   0
Error count:        1052
tb_P =          33 AND P =   0
Error count:        1053
tb_P =          44 AND P =   0
Error count:        1054
tb_P =          55 AND P =   0
Error count:        1055
tb_P =          66 AND P =   0
Error count:        1056
tb_P =          77 AND P =   0
Error count:        1057
tb_P =          88 AND P =   0
Error count:        1058
tb_P =          99 AND P =   0
Error count:        1059
tb_P =         110 AND P =   0
Error count:        1060
tb_P =         121 AND P =   0
Error count:        1061
tb_P =         132 AND P =   0
Error count:        1062
tb_P =         143 AND P =   0
Error count:        1063
tb_P =         154 AND P =   0
Error count:        1064
tb_P =         165 AND P =   0
Error count:        1065
tb_P =          12 AND P =   0
Error count:        1066
tb_P =          24 AND P =   0
Error count:        1067
tb_P =          36 AND P =   0
Error count:        1068
tb_P =          48 AND P =   0
Error count:        1069
tb_P =          60 AND P =   0
Error count:        1070
tb_P =          72 AND P =   0
Error count:        1071
tb_P =          84 AND P =   0
Error count:        1072
tb_P =          96 AND P =   0
Error count:        1073
tb_P =         108 AND P =   0
Error count:        1074
tb_P =         120 AND P =   0
Error count:        1075
tb_P =         132 AND P =   0
Error count:        1076
tb_P =         144 AND P =   0
Error count:        1077
tb_P =         156 AND P =   0
Error count:        1078
tb_P =         168 AND P =   0
Error count:        1079
tb_P =         180 AND P =   0
Error count:        1080
tb_P =          13 AND P =   0
Error count:        1081
tb_P =          26 AND P =   0
Error count:        1082
tb_P =          39 AND P =   0
Error count:        1083
tb_P =          52 AND P =   0
Error count:        1084
tb_P =          65 AND P =   0
Error count:        1085
tb_P =          78 AND P =   0
Error count:        1086
tb_P =          91 AND P =   0
Error count:        1087
tb_P =         104 AND P =   0
Error count:        1088
tb_P =         117 AND P =   0
Error count:        1089
tb_P =         130 AND P =   0
Error count:        1090
tb_P =         143 AND P =   0
Error count:        1091
tb_P =         156 AND P =   0
Error count:        1092
tb_P =         169 AND P =   0
Error count:        1093
tb_P =         182 AND P =   0
Error count:        1094
tb_P =         195 AND P =   0
Error count:        1095
tb_P =          14 AND P =   0
Error count:        1096
tb_P =          28 AND P =   0
Error count:        1097
tb_P =          42 AND P =   0
Error count:        1098
tb_P =          56 AND P =   0
Error count:        1099
tb_P =          70 AND P =   0
Error count:        1100
tb_P =          84 AND P =   0
Error count:        1101
tb_P =          98 AND P =   0
Error count:        1102
tb_P =         112 AND P =   0
Error count:        1103
tb_P =         126 AND P =   0
Error count:        1104
tb_P =         140 AND P =   0
Error count:        1105
tb_P =         154 AND P =   0
Error count:        1106
tb_P =         168 AND P =   0
Error count:        1107
tb_P =         182 AND P =   0
Error count:        1108
tb_P =         196 AND P =   0
Error count:        1109
tb_P =         210 AND P =   0
Error count:        1110
tb_P =          15 AND P =   0
Error count:        1111
tb_P =          30 AND P =   0
Error count:        1112
tb_P =          45 AND P =   0
Error count:        1113
tb_P =          60 AND P =   0
Error count:        1114
tb_P =          75 AND P =   0
Error count:        1115
tb_P =          90 AND P =   0
Error count:        1116
tb_P =         105 AND P =   0
Error count:        1117
tb_P =         120 AND P =   0
Error count:        1118
tb_P =         135 AND P =   0
Error count:        1119
tb_P =         150 AND P =   0
Error count:        1120
tb_P =         165 AND P =   0
Error count:        1121
tb_P =         180 AND P =   0
Error count:        1122
tb_P =         195 AND P =   0
Error count:        1123
tb_P =         210 AND P =   0
Error count:        1124
tb_P =         225 AND P =   0
Error count:        1125
There were        1125 errors
tb_P =           1 AND P =   0
Error count:        1126
tb_P =           2 AND P =   0
Error count:        1127
tb_P =           3 AND P =   0
Error count:        1128
tb_P =           4 AND P =   0
Error count:        1129
tb_P =           5 AND P =   0
Error count:        1130
tb_P =           6 AND P =   0
Error count:        1131
tb_P =           7 AND P =   0
Error count:        1132
tb_P =           8 AND P =   0
Error count:        1133
tb_P =           9 AND P =   0
Error count:        1134
tb_P =          10 AND P =   0
Error count:        1135
tb_P =          11 AND P =   0
Error count:        1136
tb_P =          12 AND P =   0
Error count:        1137
tb_P =          13 AND P =   0
Error count:        1138
tb_P =          14 AND P =   0
Error count:        1139
tb_P =          15 AND P =   0
Error count:        1140
tb_P =           2 AND P =   0
Error count:        1141
tb_P =           4 AND P =   0
Error count:        1142
tb_P =           6 AND P =   0
Error count:        1143
tb_P =           8 AND P =   0
Error count:        1144
tb_P =          10 AND P =   0
Error count:        1145
tb_P =          12 AND P =   0
Error count:        1146
tb_P =          14 AND P =   0
Error count:        1147
tb_P =          16 AND P =   0
Error count:        1148
tb_P =          18 AND P =   0
Error count:        1149
tb_P =          20 AND P =   0
Error count:        1150
tb_P =          22 AND P =   0
Error count:        1151
tb_P =          24 AND P =   0
Error count:        1152
tb_P =          26 AND P =   0
Error count:        1153
tb_P =          28 AND P =   0
Error count:        1154
tb_P =          30 AND P =   0
Error count:        1155
tb_P =           3 AND P =   0
Error count:        1156
tb_P =           6 AND P =   0
Error count:        1157
tb_P =           9 AND P =   0
Error count:        1158
tb_P =          12 AND P =   0
Error count:        1159
tb_P =          15 AND P =   0
Error count:        1160
tb_P =          18 AND P =   0
Error count:        1161
tb_P =          21 AND P =   0
Error count:        1162
tb_P =          24 AND P =   0
Error count:        1163
tb_P =          27 AND P =   0
Error count:        1164
tb_P =          30 AND P =   0
Error count:        1165
tb_P =          33 AND P =   0
Error count:        1166
tb_P =          36 AND P =   0
Error count:        1167
tb_P =          39 AND P =   0
Error count:        1168
tb_P =          42 AND P =   0
Error count:        1169
tb_P =          45 AND P =   0
Error count:        1170
tb_P =           4 AND P =   0
Error count:        1171
tb_P =           8 AND P =   0
Error count:        1172
tb_P =          12 AND P =   0
Error count:        1173
tb_P =          16 AND P =   0
Error count:        1174
tb_P =          20 AND P =   0
Error count:        1175
tb_P =          24 AND P =   0
Error count:        1176
tb_P =          28 AND P =   0
Error count:        1177
tb_P =          32 AND P =   0
Error count:        1178
tb_P =          36 AND P =   0
Error count:        1179
tb_P =          40 AND P =   0
Error count:        1180
tb_P =          44 AND P =   0
Error count:        1181
tb_P =          48 AND P =   0
Error count:        1182
tb_P =          52 AND P =   0
Error count:        1183
tb_P =          56 AND P =   0
Error count:        1184
tb_P =          60 AND P =   0
Error count:        1185
tb_P =           5 AND P =   0
Error count:        1186
tb_P =          10 AND P =   0
Error count:        1187
tb_P =          15 AND P =   0
Error count:        1188
tb_P =          20 AND P =   0
Error count:        1189
tb_P =          25 AND P =   0
Error count:        1190
tb_P =          30 AND P =   0
Error count:        1191
tb_P =          35 AND P =   0
Error count:        1192
tb_P =          40 AND P =   0
Error count:        1193
tb_P =          45 AND P =   0
Error count:        1194
tb_P =          50 AND P =   0
Error count:        1195
tb_P =          55 AND P =   0
Error count:        1196
tb_P =          60 AND P =   0
Error count:        1197
tb_P =          65 AND P =   0
Error count:        1198
tb_P =          70 AND P =   0
Error count:        1199
tb_P =          75 AND P =   0
Error count:        1200
tb_P =           6 AND P =   0
Error count:        1201
tb_P =          12 AND P =   0
Error count:        1202
tb_P =          18 AND P =   0
Error count:        1203
tb_P =          24 AND P =   0
Error count:        1204
tb_P =          30 AND P =   0
Error count:        1205
tb_P =          36 AND P =   0
Error count:        1206
tb_P =          42 AND P =   0
Error count:        1207
tb_P =          48 AND P =   0
Error count:        1208
tb_P =          54 AND P =   0
Error count:        1209
tb_P =          60 AND P =   0
Error count:        1210
tb_P =          66 AND P =   0
Error count:        1211
tb_P =          72 AND P =   0
Error count:        1212
tb_P =          78 AND P =   0
Error count:        1213
tb_P =          84 AND P =   0
Error count:        1214
tb_P =          90 AND P =   0
Error count:        1215
tb_P =           7 AND P =   0
Error count:        1216
tb_P =          14 AND P =   0
Error count:        1217
tb_P =          21 AND P =   0
Error count:        1218
tb_P =          28 AND P =   0
Error count:        1219
tb_P =          35 AND P =   0
Error count:        1220
tb_P =          42 AND P =   0
Error count:        1221
tb_P =          49 AND P =   0
Error count:        1222
tb_P =          56 AND P =   0
Error count:        1223
tb_P =          63 AND P =   0
Error count:        1224
tb_P =          70 AND P =   0
Error count:        1225
tb_P =          77 AND P =   0
Error count:        1226
tb_P =          84 AND P =   0
Error count:        1227
tb_P =          91 AND P =   0
Error count:        1228
tb_P =          98 AND P =   0
Error count:        1229
tb_P =         105 AND P =   0
Error count:        1230
tb_P =           8 AND P =   0
Error count:        1231
tb_P =          16 AND P =   0
Error count:        1232
tb_P =          24 AND P =   0
Error count:        1233
tb_P =          32 AND P =   0
Error count:        1234
tb_P =          40 AND P =   0
Error count:        1235
tb_P =          48 AND P =   0
Error count:        1236
tb_P =          56 AND P =   0
Error count:        1237
tb_P =          64 AND P =   0
Error count:        1238
tb_P =          72 AND P =   0
Error count:        1239
tb_P =          80 AND P =   0
Error count:        1240
tb_P =          88 AND P =   0
Error count:        1241
tb_P =          96 AND P =   0
Error count:        1242
tb_P =         104 AND P =   0
Error count:        1243
tb_P =         112 AND P =   0
Error count:        1244
tb_P =         120 AND P =   0
Error count:        1245
tb_P =           9 AND P =   0
Error count:        1246
tb_P =          18 AND P =   0
Error count:        1247
tb_P =          27 AND P =   0
Error count:        1248
tb_P =          36 AND P =   0
Error count:        1249
tb_P =          45 AND P =   0
Error count:        1250
tb_P =          54 AND P =   0
Error count:        1251
tb_P =          63 AND P =   0
Error count:        1252
tb_P =          72 AND P =   0
Error count:        1253
tb_P =          81 AND P =   0
Error count:        1254
tb_P =          90 AND P =   0
Error count:        1255
tb_P =          99 AND P =   0
Error count:        1256
tb_P =         108 AND P =   0
Error count:        1257
tb_P =         117 AND P =   0
Error count:        1258
tb_P =         126 AND P =   0
Error count:        1259
tb_P =         135 AND P =   0
Error count:        1260
tb_P =          10 AND P =   0
Error count:        1261
tb_P =          20 AND P =   0
Error count:        1262
tb_P =          30 AND P =   0
Error count:        1263
tb_P =          40 AND P =   0
Error count:        1264
tb_P =          50 AND P =   0
Error count:        1265
tb_P =          60 AND P =   0
Error count:        1266
tb_P =          70 AND P =   0
Error count:        1267
tb_P =          80 AND P =   0
Error count:        1268
tb_P =          90 AND P =   0
Error count:        1269
tb_P =         100 AND P =   0
Error count:        1270
tb_P =         110 AND P =   0
Error count:        1271
tb_P =         120 AND P =   0
Error count:        1272
tb_P =         130 AND P =   0
Error count:        1273
tb_P =         140 AND P =   0
Error count:        1274
tb_P =         150 AND P =   0
Error count:        1275
tb_P =          11 AND P =   0
Error count:        1276
tb_P =          22 AND P =   0
Error count:        1277
tb_P =          33 AND P =   0
Error count:        1278
tb_P =          44 AND P =   0
Error count:        1279
tb_P =          55 AND P =   0
Error count:        1280
tb_P =          66 AND P =   0
Error count:        1281
tb_P =          77 AND P =   0
Error count:        1282
tb_P =          88 AND P =   0
Error count:        1283
tb_P =          99 AND P =   0
Error count:        1284
tb_P =         110 AND P =   0
Error count:        1285
tb_P =         121 AND P =   0
Error count:        1286
tb_P =         132 AND P =   0
Error count:        1287
tb_P =         143 AND P =   0
Error count:        1288
tb_P =         154 AND P =   0
Error count:        1289
tb_P =         165 AND P =   0
Error count:        1290
tb_P =          12 AND P =   0
Error count:        1291
tb_P =          24 AND P =   0
Error count:        1292
tb_P =          36 AND P =   0
Error count:        1293
tb_P =          48 AND P =   0
Error count:        1294
tb_P =          60 AND P =   0
Error count:        1295
tb_P =          72 AND P =   0
Error count:        1296
tb_P =          84 AND P =   0
Error count:        1297
tb_P =          96 AND P =   0
Error count:        1298
tb_P =         108 AND P =   0
Error count:        1299
tb_P =         120 AND P =   0
Error count:        1300
tb_P =         132 AND P =   0
Error count:        1301
tb_P =         144 AND P =   0
Error count:        1302
tb_P =         156 AND P =   0
Error count:        1303
tb_P =         168 AND P =   0
Error count:        1304
tb_P =         180 AND P =   0
Error count:        1305
tb_P =          13 AND P =   0
Error count:        1306
tb_P =          26 AND P =   0
Error count:        1307
tb_P =          39 AND P =   0
Error count:        1308
tb_P =          52 AND P =   0
Error count:        1309
tb_P =          65 AND P =   0
Error count:        1310
tb_P =          78 AND P =   0
Error count:        1311
tb_P =          91 AND P =   0
Error count:        1312
tb_P =         104 AND P =   0
Error count:        1313
tb_P =         117 AND P =   0
Error count:        1314
tb_P =         130 AND P =   0
Error count:        1315
tb_P =         143 AND P =   0
Error count:        1316
tb_P =         156 AND P =   0
Error count:        1317
tb_P =         169 AND P =   0
Error count:        1318
tb_P =         182 AND P =   0
Error count:        1319
tb_P =         195 AND P =   0
Error count:        1320
tb_P =          14 AND P =   0
Error count:        1321
tb_P =          28 AND P =   0
Error count:        1322
tb_P =          42 AND P =   0
Error count:        1323
tb_P =          56 AND P =   0
Error count:        1324
tb_P =          70 AND P =   0
Error count:        1325
tb_P =          84 AND P =   0
Error count:        1326
tb_P =          98 AND P =   0
Error count:        1327
tb_P =         112 AND P =   0
Error count:        1328
tb_P =         126 AND P =   0
Error count:        1329
tb_P =         140 AND P =   0
Error count:        1330
tb_P =         154 AND P =   0
Error count:        1331
tb_P =         168 AND P =   0
Error count:        1332
tb_P =         182 AND P =   0
Error count:        1333
tb_P =         196 AND P =   0
Error count:        1334
tb_P =         210 AND P =   0
Error count:        1335
tb_P =          15 AND P =   0
Error count:        1336
tb_P =          30 AND P =   0
Error count:        1337
tb_P =          45 AND P =   0
Error count:        1338
tb_P =          60 AND P =   0
Error count:        1339
tb_P =          75 AND P =   0
Error count:        1340
tb_P =          90 AND P =   0
Error count:        1341
tb_P =         105 AND P =   0
Error count:        1342
tb_P =         120 AND P =   0
Error count:        1343
tb_P =         135 AND P =   0
Error count:        1344
tb_P =         150 AND P =   0
Error count:        1345
tb_P =         165 AND P =   0
Error count:        1346
tb_P =         180 AND P =   0
Error count:        1347
tb_P =         195 AND P =   0
Error count:        1348
tb_P =         210 AND P =   0
Error count:        1349
tb_P =         225 AND P =   0
Error count:        1350
There were        1350 errors
