Unable to capture context for thread 12836 in process 440, can not generate back trace
Unable to capture context for thread 9844 in process 440, can not generate back trace
Unable to capture context for thread 10272 in process 440, can not generate back trace
Exception at PC 0x00007FF93C50BB93
Printing stacktrace...

[0]  [0x00007FF93C50BB93]
[1]  [0x00007FF93C50BB93]
[2]  [0x00007FF93C50B4A1]
[3]  [0x00007FF93C50B3EF]
[4]  [0x00007FF93C4F19FE]
[5]  [0x00007FF93C4F0ED1]
[6]  [0x00007FF93C4F0D76]
[7]  [0x00007FF93C4979F6]
[8]  [0x00007FF93C487AFB]
[9]  [0x00007FF93C5AE90A]
[10]  [0x00007FF93C5C9F87]
[11]  [0x00007FF93C5CA05F]
[12] (BaseThreadInitThunk+0x14) [0x00007FF9AE2C2774]
[13] (RtlUserThreadStart+0x21) [0x00007FF9AEBF0D51]
Done
Exception at PC 0x00007FF93C211A52
Attemped to write at address 0x00007FF96FDDABA4
Printing stacktrace...

[0]  [0x00007FF93C211A52]
[1]  [0x00007FF93C211A52]
[2]  [0x00007FF93C211AD4]
[3]  [0x00007FF93C353FF7]
[4]  [0x00007FF93C239128]
[5]  [0x00007FF93C4EDFB9]
[6]  [0x00007FF93C6BEF23]
[7]  [0x00007FF93C5CB06B]
[8]  [0x00007FF93C5C08AF]
[9]  [0x00007FF93C5C0A32]
[10] (RtlDeactivateActivationContextUnsafeFast+0x1af) [0x00007FF9AEBA485F]
[11] (LdrShutdownProcess+0x12c) [0x00007FF9AEBCD43C]
[12] (RtlExitUserProcess+0xb4) [0x00007FF9AEBCD2F4]
[13] (FatalExit+0xa) [0x00007FF9AE2CC0DA]
[14] (exit+0x75) [0x00007FF9AEB1A045]
[15] (initterm_e+0x21d) [0x00007FF9AEB1A68D]
[16]  [0x00000000004014CD]
[17]  [0x000000000040151B]
[18] (BaseThreadInitThunk+0x14) [0x00007FF9AE2C2774]
[19] (RtlUserThreadStart+0x21) [0x00007FF9AEBF0D51]
Done
