#-----------------------------------------------------------
# Vivado v2017.4 (64-bit)
# SW Build 2086221 on Fri Dec 15 20:55:39 MST 2017
# IP Build 2085800 on Fri Dec 15 22:25:07 MST 2017
# Start of session at: Mon Apr 30 10:17:59 2018
# Process ID: 12068
# Current directory: C:/Users/avach/Documents/GitHub/CmpE125/Lab7/FSM
# Command line: vivado.exe -gui_launcher_event rodinguilauncherevent19356 C:\Users\avach\Documents\GitHub\CmpE125\Lab7\FSM\FSM.xpr
# Log file: C:/Users/avach/Documents/GitHub/CmpE125/Lab7/FSM/vivado.log
# Journal file: C:/Users/avach/Documents/GitHub/CmpE125/Lab7/FSM\vivado.jou
#-----------------------------------------------------------
start_gui
open_project C:/Users/avach/Documents/GitHub/CmpE125/Lab7/FSM/FSM.xpr
INFO: [Project 1-313] Project file moved from 'C:/Users/bcgni/Downloads/CmpE125Git/Lab7/FSM' since last save.
Scanning sources...
Finished scanning sources
INFO: [IP_Flow 19-234] Refreshing IP repositories
INFO: [IP_Flow 19-1704] No user IP repositories specified
INFO: [IP_Flow 19-2313] Loaded Vivado IP repository 'D:/Xilinx/Vivado/2017.4/data/ip'.
open_project: Time (s): cpu = 00:00:12 ; elapsed = 00:00:05 . Memory (MB): peak = 778.918 ; gain = 51.023
update_compile_order -fileset sources_1
