Unable to capture context for thread 13448 in process 8152, can not generate back trace
Exception at PC 0x00007FF94CFEBB93
Printing stacktrace...

[0]  [0x00007FF94CFEBB93]
[1]  [0x00007FF94CFEBB93]
[2]  [0x00007FF94CFEB4A1]
[3]  [0x00007FF94CFEB3EF]
[4]  [0x00007FF94CFD19FE]
[5]  [0x00007FF94CFD0ED1]
[6]  [0x00007FF94CFD0D76]
[7]  [0x00007FF94CF779F6]
[8]  [0x00007FF94CF67AFB]
[9]  [0x00007FF94D08E90A]
[10]  [0x00007FF94D0A9F87]
[11]  [0x00007FF94D0AA05F]
[12] (BaseThreadInitThunk+0x14) [0x00007FF9AE2C2774]
[13] (RtlUserThreadStart+0x21) [0x00007FF9AEBF0D51]
Done
Exception at PC 0x00007FF94CCF1A52
Attemped to write at address 0x00007FF981E6ABA4
Printing stacktrace...

[0]  [0x00007FF94CCF1A52]
[1]  [0x00007FF94CCF1A52]
[2]  [0x00007FF94CCF1AD4]
[3]  [0x00007FF94CE33FF7]
[4]  [0x00007FF94CD19128]
[5]  [0x00007FF94CFCDFB9]
[6]  [0x00007FF94D19EF23]
[7]  [0x00007FF94D0AB06B]
[8]  [0x00007FF94D0A08AF]
[9]  [0x00007FF94D0A0A32]
[10] (RtlDeactivateActivationContextUnsafeFast+0x1af) [0x00007FF9AEBA485F]
[11] (LdrShutdownProcess+0x12c) [0x00007FF9AEBCD43C]
[12] (RtlExitUserProcess+0xb4) [0x00007FF9AEBCD2F4]
[13] (FatalExit+0xa) [0x00007FF9AE2CC0DA]
[14] (exit+0x75) [0x00007FF9AEB1A045]
[15] (initterm_e+0x21d) [0x00007FF9AEB1A68D]
[16]  [0x00000000004014CD]
[17]  [0x000000000040151B]
[18] (BaseThreadInitThunk+0x14) [0x00007FF9AE2C2774]
[19] (RtlUserThreadStart+0x21) [0x00007FF9AEBF0D51]
Done
