#-----------------------------------------------------------
# Vivado v2017.4.1 (64-bit)
# SW Build 2117270 on Tue Jan 30 15:32:00 MST 2018
# IP Build 2095745 on Tue Jan 30 17:13:15 MST 2018
# Start of session at: Mon Feb 26 15:43:15 2018
# Process ID: 14188
# Current directory: C:/Users/avach/Documents/GitHub/CmpE125/Lab3/Lab3_Part3_alu
# Command line: vivado.exe -gui_launcher_event rodinguilauncherevent8376 C:\Users\avach\Documents\GitHub\CmpE125\Lab3\Lab3_Part3_alu\alu.xpr
# Log file: C:/Users/avach/Documents/GitHub/CmpE125/Lab3/Lab3_Part3_alu/vivado.log
# Journal file: C:/Users/avach/Documents/GitHub/CmpE125/Lab3/Lab3_Part3_alu\vivado.jou
#-----------------------------------------------------------
start_gui
open_project C:/Users/avach/Documents/GitHub/CmpE125/Lab3/Lab3_Part3_alu/alu.xpr
INFO: [Project 1-313] Project file moved from 'C:/Users/bcgni/alu' since last save.
Scanning sources...
Finished scanning sources
INFO: [Project 1-230] Project 'alu.xpr' upgraded for this version of Vivado.
INFO: [IP_Flow 19-234] Refreshing IP repositories
INFO: [IP_Flow 19-1704] No user IP repositories specified
INFO: [IP_Flow 19-2313] Loaded Vivado IP repository 'C:/Xilinx/Vivado/2017.4/data/ip'.
open_project: Time (s): cpu = 00:00:11 ; elapsed = 00:00:08 . Memory (MB): peak = 741.336 ; gain = 85.500
update_compile_order -fileset sources_1
exit
INFO: [Common 17-206] Exiting Vivado at Mon Feb 26 15:49:42 2018...
