
*** Running vivado
    with args -log divider_fpga.vds -m64 -product Vivado -mode batch -messageDb vivado.pb -notrace -source divider_fpga.tcl


****** Vivado v2017.4 (64-bit)
  **** SW Build 2086221 on Fri Dec 15 20:55:39 MST 2017
  **** IP Build 2085800 on Fri Dec 15 22:25:07 MST 2017
    ** Copyright 1986-2017 Xilinx, Inc. All Rights Reserved.

source divider_fpga.tcl -notrace
Command: synth_design -top divider_fpga -part xc7a100tcsg324-1
Starting synth_design
Attempting to get a license for feature 'Synthesis' and/or device 'xc7a100t'
INFO: [Common 17-349] Got license for feature 'Synthesis' and/or device 'xc7a100t'
INFO: Launching helper process for spawning children vivado processes
INFO: Helper process launched with PID 4652 
---------------------------------------------------------------------------------
Starting RTL Elaboration : Time (s): cpu = 00:00:10 ; elapsed = 00:00:10 . Memory (MB): peak = 347.980 ; gain = 101.445
---------------------------------------------------------------------------------
INFO: [Synth 8-638] synthesizing module 'divider_fpga' [C:/Users/avach/Documents/GitHub/CmpE125/Lab8/Divider/Divider.srcs/sources_1/new/divider_fpga.v:23]
INFO: [Synth 8-638] synthesizing module 'clk_gen' [C:/Users/avach/Documents/GitHub/CmpE125/Lab8/Divider/Divider.srcs/sources_1/new/clk_gen.v:3]
INFO: [Synth 8-256] done synthesizing module 'clk_gen' (1#1) [C:/Users/avach/Documents/GitHub/CmpE125/Lab8/Divider/Divider.srcs/sources_1/new/clk_gen.v:3]
INFO: [Synth 8-638] synthesizing module 'button_debouncer' [C:/Users/avach/Documents/GitHub/CmpE125/Lab8/Divider/Divider.srcs/sources_1/new/button_debouncer.v:2]
	Parameter depth bound to: 16 - type: integer 
	Parameter history_max bound to: 65535 - type: integer 
INFO: [Synth 8-256] done synthesizing module 'button_debouncer' (2#1) [C:/Users/avach/Documents/GitHub/CmpE125/Lab8/Divider/Divider.srcs/sources_1/new/button_debouncer.v:2]
INFO: [Synth 8-638] synthesizing module 'divider' [C:/Users/avach/Documents/GitHub/CmpE125/Lab8/Divider/Divider.srcs/sources_1/new/divider.v:3]
INFO: [Synth 8-638] synthesizing module 'DP' [C:/Users/avach/Documents/GitHub/CmpE125/Lab8/Divider/Divider.srcs/sources_1/new/DP.v:3]
INFO: [Synth 8-638] synthesizing module 'mux2' [C:/Users/avach/Documents/GitHub/CmpE125/Lab8/Divider/Divider.srcs/sources_1/new/mux2.v:3]
	Parameter WIDTH bound to: 5 - type: integer 
INFO: [Synth 8-256] done synthesizing module 'mux2' (3#1) [C:/Users/avach/Documents/GitHub/CmpE125/Lab8/Divider/Divider.srcs/sources_1/new/mux2.v:3]
INFO: [Synth 8-638] synthesizing module 'shift_register' [C:/Users/avach/Documents/GitHub/CmpE125/Lab8/Divider/Divider.srcs/sources_1/new/shift_register.v:3]
	Parameter WIDTH bound to: 5 - type: integer 
INFO: [Synth 8-256] done synthesizing module 'shift_register' (4#1) [C:/Users/avach/Documents/GitHub/CmpE125/Lab8/Divider/Divider.srcs/sources_1/new/shift_register.v:3]
INFO: [Synth 8-638] synthesizing module 'shift_register__parameterized0' [C:/Users/avach/Documents/GitHub/CmpE125/Lab8/Divider/Divider.srcs/sources_1/new/shift_register.v:3]
	Parameter WIDTH bound to: 4 - type: integer 
INFO: [Synth 8-256] done synthesizing module 'shift_register__parameterized0' (4#1) [C:/Users/avach/Documents/GitHub/CmpE125/Lab8/Divider/Divider.srcs/sources_1/new/shift_register.v:3]
INFO: [Synth 8-638] synthesizing module 'Y_shift_register' [C:/Users/avach/Documents/GitHub/CmpE125/Lab8/Divider/Divider.srcs/sources_1/new/Y_shift_register.v:3]
	Parameter WIDTH bound to: 4 - type: integer 
INFO: [Synth 8-256] done synthesizing module 'Y_shift_register' (5#1) [C:/Users/avach/Documents/GitHub/CmpE125/Lab8/Divider/Divider.srcs/sources_1/new/Y_shift_register.v:3]
INFO: [Synth 8-638] synthesizing module 'comparator' [C:/Users/avach/Documents/GitHub/CmpE125/Lab8/Divider/Divider.srcs/sources_1/new/comparator.v:3]
	Parameter WIDTH bound to: 5 - type: integer 
INFO: [Synth 8-256] done synthesizing module 'comparator' (6#1) [C:/Users/avach/Documents/GitHub/CmpE125/Lab8/Divider/Divider.srcs/sources_1/new/comparator.v:3]
INFO: [Synth 8-638] synthesizing module 'subtractor' [C:/Users/avach/Documents/GitHub/CmpE125/Lab8/Divider/Divider.srcs/sources_1/new/subtractor.v:3]
	Parameter WIDTH bound to: 5 - type: integer 
INFO: [Synth 8-256] done synthesizing module 'subtractor' (7#1) [C:/Users/avach/Documents/GitHub/CmpE125/Lab8/Divider/Divider.srcs/sources_1/new/subtractor.v:3]
INFO: [Synth 8-638] synthesizing module 'ud_counter' [C:/Users/avach/Documents/GitHub/CmpE125/Lab8/Divider/Divider.srcs/sources_1/new/ud_counter.v:3]
	Parameter WIDTH bound to: 3 - type: integer 
INFO: [Synth 8-256] done synthesizing module 'ud_counter' (8#1) [C:/Users/avach/Documents/GitHub/CmpE125/Lab8/Divider/Divider.srcs/sources_1/new/ud_counter.v:3]
INFO: [Synth 8-638] synthesizing module 'mux2__parameterized0' [C:/Users/avach/Documents/GitHub/CmpE125/Lab8/Divider/Divider.srcs/sources_1/new/mux2.v:3]
	Parameter WIDTH bound to: 4 - type: integer 
INFO: [Synth 8-256] done synthesizing module 'mux2__parameterized0' (8#1) [C:/Users/avach/Documents/GitHub/CmpE125/Lab8/Divider/Divider.srcs/sources_1/new/mux2.v:3]
INFO: [Synth 8-256] done synthesizing module 'DP' (9#1) [C:/Users/avach/Documents/GitHub/CmpE125/Lab8/Divider/Divider.srcs/sources_1/new/DP.v:3]
INFO: [Synth 8-638] synthesizing module 'CU' [C:/Users/avach/Documents/GitHub/CmpE125/Lab8/Divider/Divider.srcs/sources_1/new/CU.v:3]
	Parameter out0 bound to: 14'b00000000000000 
	Parameter out1 bound to: 14'b00011001010100 
	Parameter out2 bound to: 14'b00000010100000 
	Parameter out3a bound to: 14'b10010001000000 
	Parameter out3b bound to: 14'b00010000000000 
	Parameter out4 bound to: 14'b00000010101000 
	Parameter out5 bound to: 14'b00000010100000 
	Parameter out6 bound to: 14'b00000100000000 
	Parameter out7a bound to: 14'b01100000000010 
	Parameter out7b bound to: 14'b00000000000011 
INFO: [Synth 8-226] default block is never used [C:/Users/avach/Documents/GitHub/CmpE125/Lab8/Divider/Divider.srcs/sources_1/new/CU.v:60]
WARNING: [Synth 8-567] referenced signal 'R_lt_Y' should be on the sensitivity list [C:/Users/avach/Documents/GitHub/CmpE125/Lab8/Divider/Divider.srcs/sources_1/new/CU.v:58]
WARNING: [Synth 8-567] referenced signal 'cnt_out' should be on the sensitivity list [C:/Users/avach/Documents/GitHub/CmpE125/Lab8/Divider/Divider.srcs/sources_1/new/CU.v:58]
WARNING: [Synth 8-567] referenced signal 'R_lt_Y' should be on the sensitivity list [C:/Users/avach/Documents/GitHub/CmpE125/Lab8/Divider/Divider.srcs/sources_1/new/CU.v:89]
WARNING: [Synth 8-567] referenced signal 'DBZ' should be on the sensitivity list [C:/Users/avach/Documents/GitHub/CmpE125/Lab8/Divider/Divider.srcs/sources_1/new/CU.v:89]
INFO: [Synth 8-256] done synthesizing module 'CU' (10#1) [C:/Users/avach/Documents/GitHub/CmpE125/Lab8/Divider/Divider.srcs/sources_1/new/CU.v:3]
INFO: [Synth 8-256] done synthesizing module 'divider' (11#1) [C:/Users/avach/Documents/GitHub/CmpE125/Lab8/Divider/Divider.srcs/sources_1/new/divider.v:3]
WARNING: [Synth 8-350] instance 'd' of module 'divider' requires 10 connections, but only 9 given [C:/Users/avach/Documents/GitHub/CmpE125/Lab8/Divider/Divider.srcs/sources_1/new/divider_fpga.v:46]
INFO: [Synth 8-638] synthesizing module 'bcd_to_7seg' [C:/Users/avach/Documents/GitHub/CmpE125/Lab8/Divider/Divider.srcs/sources_1/new/bcd_to_7seg.v:4]
INFO: [Synth 8-256] done synthesizing module 'bcd_to_7seg' (12#1) [C:/Users/avach/Documents/GitHub/CmpE125/Lab8/Divider/Divider.srcs/sources_1/new/bcd_to_7seg.v:4]
INFO: [Synth 8-638] synthesizing module 'led_mux' [C:/Users/avach/Documents/GitHub/CmpE125/Lab8/Divider/Divider.srcs/sources_1/new/led_mux.v:3]
INFO: [Synth 8-226] default block is never used [C:/Users/avach/Documents/GitHub/CmpE125/Lab8/Divider/Divider.srcs/sources_1/new/led_mux.v:15]
INFO: [Synth 8-256] done synthesizing module 'led_mux' (13#1) [C:/Users/avach/Documents/GitHub/CmpE125/Lab8/Divider/Divider.srcs/sources_1/new/led_mux.v:3]
WARNING: [Synth 8-689] width (1) of port connection 'LED0' does not match port width (8) of module 'led_mux' [C:/Users/avach/Documents/GitHub/CmpE125/Lab8/Divider/Divider.srcs/sources_1/new/divider_fpga.v:59]
WARNING: [Synth 8-689] width (1) of port connection 'LEDSEL' does not match port width (8) of module 'led_mux' [C:/Users/avach/Documents/GitHub/CmpE125/Lab8/Divider/Divider.srcs/sources_1/new/divider_fpga.v:60]
WARNING: [Synth 8-689] width (1) of port connection 'LEDOUT' does not match port width (8) of module 'led_mux' [C:/Users/avach/Documents/GitHub/CmpE125/Lab8/Divider/Divider.srcs/sources_1/new/divider_fpga.v:60]
WARNING: [Synth 8-3848] Net out_led in module/entity divider_fpga does not have driver. [C:/Users/avach/Documents/GitHub/CmpE125/Lab8/Divider/Divider.srcs/sources_1/new/divider_fpga.v:59]
WARNING: [Synth 8-3848] Net cs_led in module/entity divider_fpga does not have driver. [C:/Users/avach/Documents/GitHub/CmpE125/Lab8/Divider/Divider.srcs/sources_1/new/divider_fpga.v:41]
INFO: [Synth 8-256] done synthesizing module 'divider_fpga' (14#1) [C:/Users/avach/Documents/GitHub/CmpE125/Lab8/Divider/Divider.srcs/sources_1/new/divider_fpga.v:23]
---------------------------------------------------------------------------------
Finished RTL Elaboration : Time (s): cpu = 00:00:11 ; elapsed = 00:00:12 . Memory (MB): peak = 400.043 ; gain = 153.508
---------------------------------------------------------------------------------

Report Check Netlist: 
+------+------------------+-------+---------+-------+------------------+
|      |Item              |Errors |Warnings |Status |Description       |
+------+------------------+-------+---------+-------+------------------+
|1     |multi_driven_nets |      0|        0|Passed |Multi driven nets |
+------+------------------+-------+---------+-------+------------------+
WARNING: [Synth 8-3295] tying undriven pin LED:LED4[7] to constant 0 [C:/Users/avach/Documents/GitHub/CmpE125/Lab8/Divider/Divider.srcs/sources_1/new/divider_fpga.v:59]
WARNING: [Synth 8-3295] tying undriven pin LED:LED4[6] to constant 0 [C:/Users/avach/Documents/GitHub/CmpE125/Lab8/Divider/Divider.srcs/sources_1/new/divider_fpga.v:59]
WARNING: [Synth 8-3295] tying undriven pin LED:LED4[5] to constant 0 [C:/Users/avach/Documents/GitHub/CmpE125/Lab8/Divider/Divider.srcs/sources_1/new/divider_fpga.v:59]
WARNING: [Synth 8-3295] tying undriven pin LED:LED4[4] to constant 0 [C:/Users/avach/Documents/GitHub/CmpE125/Lab8/Divider/Divider.srcs/sources_1/new/divider_fpga.v:59]
WARNING: [Synth 8-3295] tying undriven pin LED:LED4[3] to constant 0 [C:/Users/avach/Documents/GitHub/CmpE125/Lab8/Divider/Divider.srcs/sources_1/new/divider_fpga.v:59]
WARNING: [Synth 8-3295] tying undriven pin LED:LED4[2] to constant 0 [C:/Users/avach/Documents/GitHub/CmpE125/Lab8/Divider/Divider.srcs/sources_1/new/divider_fpga.v:59]
WARNING: [Synth 8-3295] tying undriven pin LED:LED4[1] to constant 0 [C:/Users/avach/Documents/GitHub/CmpE125/Lab8/Divider/Divider.srcs/sources_1/new/divider_fpga.v:59]
WARNING: [Synth 8-3295] tying undriven pin LED:LED4[0] to constant 0 [C:/Users/avach/Documents/GitHub/CmpE125/Lab8/Divider/Divider.srcs/sources_1/new/divider_fpga.v:59]
WARNING: [Synth 8-3295] tying undriven pin LED:LED0[0] to constant 0 [C:/Users/avach/Documents/GitHub/CmpE125/Lab8/Divider/Divider.srcs/sources_1/new/divider_fpga.v:59]
---------------------------------------------------------------------------------
Finished RTL Optimization Phase 1 : Time (s): cpu = 00:00:12 ; elapsed = 00:00:12 . Memory (MB): peak = 400.043 ; gain = 153.508
---------------------------------------------------------------------------------
INFO: [Device 21-403] Loading part xc7a100tcsg324-1
INFO: [Project 1-570] Preparing netlist for logic optimization

Processing XDC Constraints
Initializing timing engine
Parsing XDC File [C:/Users/avach/Documents/GitHub/CmpE125/Lab8/Divider/Divider.srcs/constrs_1/new/divider.xdc]
WARNING: [Vivado 12-584] No ports matched 'LEDOUT[0]'. [C:/Users/avach/Documents/GitHub/CmpE125/Lab8/Divider/Divider.srcs/constrs_1/new/divider.xdc:28]
CRITICAL WARNING: [Common 17-55] 'set_property' expects at least one object. [C:/Users/avach/Documents/GitHub/CmpE125/Lab8/Divider/Divider.srcs/constrs_1/new/divider.xdc:28]
Resolution: If [get_<value>] was used to populate the object, check to make sure this command returns at least one valid object.
WARNING: [Vivado 12-584] No ports matched 'LEDOUT[1]'. [C:/Users/avach/Documents/GitHub/CmpE125/Lab8/Divider/Divider.srcs/constrs_1/new/divider.xdc:29]
CRITICAL WARNING: [Common 17-55] 'set_property' expects at least one object. [C:/Users/avach/Documents/GitHub/CmpE125/Lab8/Divider/Divider.srcs/constrs_1/new/divider.xdc:29]
Resolution: If [get_<value>] was used to populate the object, check to make sure this command returns at least one valid object.
WARNING: [Vivado 12-584] No ports matched 'LEDOUT[2]'. [C:/Users/avach/Documents/GitHub/CmpE125/Lab8/Divider/Divider.srcs/constrs_1/new/divider.xdc:30]
CRITICAL WARNING: [Common 17-55] 'set_property' expects at least one object. [C:/Users/avach/Documents/GitHub/CmpE125/Lab8/Divider/Divider.srcs/constrs_1/new/divider.xdc:30]
Resolution: If [get_<value>] was used to populate the object, check to make sure this command returns at least one valid object.
WARNING: [Vivado 12-584] No ports matched 'LEDOUT[3]'. [C:/Users/avach/Documents/GitHub/CmpE125/Lab8/Divider/Divider.srcs/constrs_1/new/divider.xdc:31]
CRITICAL WARNING: [Common 17-55] 'set_property' expects at least one object. [C:/Users/avach/Documents/GitHub/CmpE125/Lab8/Divider/Divider.srcs/constrs_1/new/divider.xdc:31]
Resolution: If [get_<value>] was used to populate the object, check to make sure this command returns at least one valid object.
WARNING: [Vivado 12-584] No ports matched 'LEDOUT[4]'. [C:/Users/avach/Documents/GitHub/CmpE125/Lab8/Divider/Divider.srcs/constrs_1/new/divider.xdc:32]
CRITICAL WARNING: [Common 17-55] 'set_property' expects at least one object. [C:/Users/avach/Documents/GitHub/CmpE125/Lab8/Divider/Divider.srcs/constrs_1/new/divider.xdc:32]
Resolution: If [get_<value>] was used to populate the object, check to make sure this command returns at least one valid object.
WARNING: [Vivado 12-584] No ports matched 'LEDOUT[5]'. [C:/Users/avach/Documents/GitHub/CmpE125/Lab8/Divider/Divider.srcs/constrs_1/new/divider.xdc:33]
CRITICAL WARNING: [Common 17-55] 'set_property' expects at least one object. [C:/Users/avach/Documents/GitHub/CmpE125/Lab8/Divider/Divider.srcs/constrs_1/new/divider.xdc:33]
Resolution: If [get_<value>] was used to populate the object, check to make sure this command returns at least one valid object.
WARNING: [Vivado 12-584] No ports matched 'LEDOUT[6]'. [C:/Users/avach/Documents/GitHub/CmpE125/Lab8/Divider/Divider.srcs/constrs_1/new/divider.xdc:34]
CRITICAL WARNING: [Common 17-55] 'set_property' expects at least one object. [C:/Users/avach/Documents/GitHub/CmpE125/Lab8/Divider/Divider.srcs/constrs_1/new/divider.xdc:34]
Resolution: If [get_<value>] was used to populate the object, check to make sure this command returns at least one valid object.
WARNING: [Vivado 12-584] No ports matched 'LEDOUT[7]'. [C:/Users/avach/Documents/GitHub/CmpE125/Lab8/Divider/Divider.srcs/constrs_1/new/divider.xdc:35]
CRITICAL WARNING: [Common 17-55] 'set_property' expects at least one object. [C:/Users/avach/Documents/GitHub/CmpE125/Lab8/Divider/Divider.srcs/constrs_1/new/divider.xdc:35]
Resolution: If [get_<value>] was used to populate the object, check to make sure this command returns at least one valid object.
WARNING: [Vivado 12-584] No ports matched 'LEDSEL[0]'. [C:/Users/avach/Documents/GitHub/CmpE125/Lab8/Divider/Divider.srcs/constrs_1/new/divider.xdc:36]
CRITICAL WARNING: [Common 17-55] 'set_property' expects at least one object. [C:/Users/avach/Documents/GitHub/CmpE125/Lab8/Divider/Divider.srcs/constrs_1/new/divider.xdc:36]
Resolution: If [get_<value>] was used to populate the object, check to make sure this command returns at least one valid object.
WARNING: [Vivado 12-584] No ports matched 'LEDSEL[1]'. [C:/Users/avach/Documents/GitHub/CmpE125/Lab8/Divider/Divider.srcs/constrs_1/new/divider.xdc:37]
CRITICAL WARNING: [Common 17-55] 'set_property' expects at least one object. [C:/Users/avach/Documents/GitHub/CmpE125/Lab8/Divider/Divider.srcs/constrs_1/new/divider.xdc:37]
Resolution: If [get_<value>] was used to populate the object, check to make sure this command returns at least one valid object.
WARNING: [Vivado 12-584] No ports matched 'LEDSEL[2]'. [C:/Users/avach/Documents/GitHub/CmpE125/Lab8/Divider/Divider.srcs/constrs_1/new/divider.xdc:38]
CRITICAL WARNING: [Common 17-55] 'set_property' expects at least one object. [C:/Users/avach/Documents/GitHub/CmpE125/Lab8/Divider/Divider.srcs/constrs_1/new/divider.xdc:38]
Resolution: If [get_<value>] was used to populate the object, check to make sure this command returns at least one valid object.
WARNING: [Vivado 12-584] No ports matched 'LEDSEL[3]'. [C:/Users/avach/Documents/GitHub/CmpE125/Lab8/Divider/Divider.srcs/constrs_1/new/divider.xdc:39]
CRITICAL WARNING: [Common 17-55] 'set_property' expects at least one object. [C:/Users/avach/Documents/GitHub/CmpE125/Lab8/Divider/Divider.srcs/constrs_1/new/divider.xdc:39]
Resolution: If [get_<value>] was used to populate the object, check to make sure this command returns at least one valid object.
WARNING: [Vivado 12-584] No ports matched 'LEDSEL[4]'. [C:/Users/avach/Documents/GitHub/CmpE125/Lab8/Divider/Divider.srcs/constrs_1/new/divider.xdc:40]
CRITICAL WARNING: [Common 17-55] 'set_property' expects at least one object. [C:/Users/avach/Documents/GitHub/CmpE125/Lab8/Divider/Divider.srcs/constrs_1/new/divider.xdc:40]
Resolution: If [get_<value>] was used to populate the object, check to make sure this command returns at least one valid object.
WARNING: [Vivado 12-584] No ports matched 'LEDSEL[5]'. [C:/Users/avach/Documents/GitHub/CmpE125/Lab8/Divider/Divider.srcs/constrs_1/new/divider.xdc:41]
CRITICAL WARNING: [Common 17-55] 'set_property' expects at least one object. [C:/Users/avach/Documents/GitHub/CmpE125/Lab8/Divider/Divider.srcs/constrs_1/new/divider.xdc:41]
Resolution: If [get_<value>] was used to populate the object, check to make sure this command returns at least one valid object.
WARNING: [Vivado 12-584] No ports matched 'LEDSEL[6]'. [C:/Users/avach/Documents/GitHub/CmpE125/Lab8/Divider/Divider.srcs/constrs_1/new/divider.xdc:42]
CRITICAL WARNING: [Common 17-55] 'set_property' expects at least one object. [C:/Users/avach/Documents/GitHub/CmpE125/Lab8/Divider/Divider.srcs/constrs_1/new/divider.xdc:42]
Resolution: If [get_<value>] was used to populate the object, check to make sure this command returns at least one valid object.
WARNING: [Vivado 12-584] No ports matched 'LEDSEL[7]'. [C:/Users/avach/Documents/GitHub/CmpE125/Lab8/Divider/Divider.srcs/constrs_1/new/divider.xdc:43]
CRITICAL WARNING: [Common 17-55] 'set_property' expects at least one object. [C:/Users/avach/Documents/GitHub/CmpE125/Lab8/Divider/Divider.srcs/constrs_1/new/divider.xdc:43]
Resolution: If [get_<value>] was used to populate the object, check to make sure this command returns at least one valid object.
Finished Parsing XDC File [C:/Users/avach/Documents/GitHub/CmpE125/Lab8/Divider/Divider.srcs/constrs_1/new/divider.xdc]
INFO: [Project 1-236] Implementation specific constraints were found while reading constraint file [C:/Users/avach/Documents/GitHub/CmpE125/Lab8/Divider/Divider.srcs/constrs_1/new/divider.xdc]. These constraints will be ignored for synthesis but will be used in implementation. Impacted constraints are listed in the file [.Xil/divider_fpga_propImpl.xdc].
Resolution: To avoid this warning, move constraints listed in [.Xil/divider_fpga_propImpl.xdc] to another XDC file and exclude this new file from synthesis with the used_in_synthesis property (File Properties dialog in GUI) and re-run elaboration/synthesis.
Completed Processing XDC Constraints

INFO: [Project 1-111] Unisim Transformation Summary:
No Unisim elements were transformed.

Constraint Validation Runtime : Time (s): cpu = 00:00:00 ; elapsed = 00:00:00.004 . Memory (MB): peak = 752.895 ; gain = 0.000
---------------------------------------------------------------------------------
Finished Constraint Validation : Time (s): cpu = 00:00:34 ; elapsed = 00:00:35 . Memory (MB): peak = 752.895 ; gain = 506.359
---------------------------------------------------------------------------------
---------------------------------------------------------------------------------
Start Loading Part and Timing Information
---------------------------------------------------------------------------------
Loading part: xc7a100tcsg324-1
---------------------------------------------------------------------------------
Finished Loading Part and Timing Information : Time (s): cpu = 00:00:34 ; elapsed = 00:00:35 . Memory (MB): peak = 752.895 ; gain = 506.359
---------------------------------------------------------------------------------
---------------------------------------------------------------------------------
Start Applying 'set_property' XDC Constraints
---------------------------------------------------------------------------------
---------------------------------------------------------------------------------
Finished applying 'set_property' XDC Constraints : Time (s): cpu = 00:00:34 ; elapsed = 00:00:35 . Memory (MB): peak = 752.895 ; gain = 506.359
---------------------------------------------------------------------------------
INFO: [Synth 8-5545] ROM "count" won't be mapped to RAM because address size (32) is larger than maximum supported(25)
INFO: [Synth 8-5545] ROM "count1" won't be mapped to RAM because address size (32) is larger than maximum supported(25)
INFO: [Synth 8-5545] ROM "clk_4sec" won't be mapped to RAM because address size (32) is larger than maximum supported(25)
INFO: [Synth 8-5545] ROM "clk_5KHz" won't be mapped to RAM because address size (32) is larger than maximum supported(25)
INFO: [Synth 8-5546] ROM "debounced_button0" won't be mapped to RAM because it is too sparse
INFO: [Synth 8-5544] ROM "DBZ" won't be mapped to Block RAM because address size (4) smaller than threshold (5)
INFO: [Synth 8-5544] ROM "cnt_out" won't be mapped to Block RAM because address size (3) smaller than threshold (5)
INFO: [Synth 8-802] inferred FSM for state register 'CS_reg' in module 'CU'
INFO: [Synth 8-5544] ROM "next_state" won't be mapped to Block RAM because address size (1) smaller than threshold (5)
INFO: [Synth 8-5544] ROM "next_state" won't be mapped to Block RAM because address size (1) smaller than threshold (5)
INFO: [Synth 8-5544] ROM "next_state" won't be mapped to Block RAM because address size (1) smaller than threshold (5)
INFO: [Synth 8-5544] ROM "next_state" won't be mapped to Block RAM because address size (1) smaller than threshold (5)
---------------------------------------------------------------------------------------------------
                   State |                     New Encoding |                Previous Encoding 
---------------------------------------------------------------------------------------------------
                  iSTATE |                              000 |                              000
                 iSTATE0 |                              001 |                              001
                 iSTATE1 |                              010 |                              010
                 iSTATE2 |                              011 |                              011
                 iSTATE4 |                              100 |                              101
                 iSTATE3 |                              101 |                              100
                 iSTATE5 |                              110 |                              110
                 iSTATE6 |                              111 |                              111
---------------------------------------------------------------------------------------------------
INFO: [Synth 8-3354] encoded FSM with state register 'CS_reg' using encoding 'sequential' in module 'CU'
---------------------------------------------------------------------------------
Finished RTL Optimization Phase 2 : Time (s): cpu = 00:00:35 ; elapsed = 00:00:37 . Memory (MB): peak = 752.895 ; gain = 506.359
---------------------------------------------------------------------------------

Report RTL Partitions: 
+-+--------------+------------+----------+
| |RTL Partition |Replication |Instances |
+-+--------------+------------+----------+
+-+--------------+------------+----------+
---------------------------------------------------------------------------------
Start RTL Component Statistics 
---------------------------------------------------------------------------------
Detailed RTL Component Info : 
+---Adders : 
	   2 Input     32 Bit       Adders := 2     
	   3 Input      5 Bit       Adders := 1     
	   2 Input      3 Bit       Adders := 2     
+---Registers : 
	               32 Bit    Registers := 2     
	               16 Bit    Registers := 1     
	                5 Bit    Registers := 1     
	                4 Bit    Registers := 2     
	                3 Bit    Registers := 2     
	                1 Bit    Registers := 3     
+---Muxes : 
	   2 Input     32 Bit        Muxes := 2     
	   2 Input     14 Bit        Muxes := 1     
	   8 Input     14 Bit        Muxes := 1     
	   2 Input     13 Bit        Muxes := 1     
	   2 Input      5 Bit        Muxes := 3     
	   2 Input      4 Bit        Muxes := 6     
	   2 Input      3 Bit        Muxes := 1     
	   8 Input      3 Bit        Muxes := 1     
	  13 Input      3 Bit        Muxes := 1     
	   2 Input      2 Bit        Muxes := 3     
	   2 Input      1 Bit        Muxes := 9     
---------------------------------------------------------------------------------
Finished RTL Component Statistics 
---------------------------------------------------------------------------------
---------------------------------------------------------------------------------
Start RTL Hierarchical Component Statistics 
---------------------------------------------------------------------------------
Hierarchical RTL Component report 
Module clk_gen 
Detailed RTL Component Info : 
+---Adders : 
	   2 Input     32 Bit       Adders := 2     
+---Registers : 
	               32 Bit    Registers := 2     
	                1 Bit    Registers := 2     
+---Muxes : 
	   2 Input     32 Bit        Muxes := 2     
	   2 Input      1 Bit        Muxes := 2     
Module button_debouncer 
Detailed RTL Component Info : 
+---Registers : 
	               16 Bit    Registers := 1     
	                1 Bit    Registers := 1     
+---Muxes : 
	   2 Input      1 Bit        Muxes := 1     
Module mux2 
Detailed RTL Component Info : 
+---Muxes : 
	   2 Input      5 Bit        Muxes := 1     
Module shift_register 
Detailed RTL Component Info : 
+---Registers : 
	                5 Bit    Registers := 1     
+---Muxes : 
	   2 Input      5 Bit        Muxes := 2     
	   2 Input      1 Bit        Muxes := 2     
Module shift_register__parameterized0 
Detailed RTL Component Info : 
+---Registers : 
	                4 Bit    Registers := 1     
+---Muxes : 
	   2 Input      4 Bit        Muxes := 2     
	   2 Input      1 Bit        Muxes := 2     
Module Y_shift_register 
Detailed RTL Component Info : 
+---Registers : 
	                4 Bit    Registers := 1     
+---Muxes : 
	   2 Input      4 Bit        Muxes := 2     
	   2 Input      2 Bit        Muxes := 1     
	   2 Input      1 Bit        Muxes := 2     
Module subtractor 
Detailed RTL Component Info : 
+---Adders : 
	   3 Input      5 Bit       Adders := 1     
Module ud_counter 
Detailed RTL Component Info : 
+---Adders : 
	   2 Input      3 Bit       Adders := 1     
+---Registers : 
	                3 Bit    Registers := 1     
+---Muxes : 
	   2 Input      3 Bit        Muxes := 1     
	   2 Input      2 Bit        Muxes := 2     
Module mux2__parameterized0 
Detailed RTL Component Info : 
+---Muxes : 
	   2 Input      4 Bit        Muxes := 1     
Module CU 
Detailed RTL Component Info : 
+---Muxes : 
	   2 Input     14 Bit        Muxes := 1     
	   8 Input     14 Bit        Muxes := 1     
	   2 Input     13 Bit        Muxes := 1     
	   8 Input      3 Bit        Muxes := 1     
	  13 Input      3 Bit        Muxes := 1     
Module led_mux 
Detailed RTL Component Info : 
+---Adders : 
	   2 Input      3 Bit       Adders := 1     
+---Registers : 
	                3 Bit    Registers := 1     
---------------------------------------------------------------------------------
Finished RTL Hierarchical Component Statistics
---------------------------------------------------------------------------------
---------------------------------------------------------------------------------
Start Part Resource Summary
---------------------------------------------------------------------------------
Part Resources:
DSPs: 240 (col length:80)
BRAMs: 270 (col length: RAMB18 80 RAMB36 40)
---------------------------------------------------------------------------------
Finished Part Resource Summary
---------------------------------------------------------------------------------
---------------------------------------------------------------------------------
Start Cross Boundary and Area Optimization
---------------------------------------------------------------------------------
WARNING: [Synth 8-6014] Unused sequential element clk_g/count_reg was removed.  [C:/Users/avach/Documents/GitHub/CmpE125/Lab8/Divider/Divider.srcs/sources_1/new/clk_gen.v:14]
WARNING: [Synth 8-6014] Unused sequential element clk_g/clk_4sec_reg was removed.  [C:/Users/avach/Documents/GitHub/CmpE125/Lab8/Divider/Divider.srcs/sources_1/new/clk_gen.v:16]
WARNING: [Synth 8-6014] Unused sequential element LED/index_reg was removed.  [C:/Users/avach/Documents/GitHub/CmpE125/Lab8/Divider/Divider.srcs/sources_1/new/led_mux.v:11]
INFO: [Synth 8-5545] ROM "clk_g/count1" won't be mapped to RAM because address size (32) is larger than maximum supported(25)
INFO: [Synth 8-5545] ROM "clk_g/clk_5KHz" won't be mapped to RAM because address size (32) is larger than maximum supported(25)
INFO: [Synth 8-5546] ROM "but/debounced_button0" won't be mapped to RAM because it is too sparse
---------------------------------------------------------------------------------
Finished Cross Boundary and Area Optimization : Time (s): cpu = 00:00:37 ; elapsed = 00:00:39 . Memory (MB): peak = 752.895 ; gain = 506.359
---------------------------------------------------------------------------------

Report RTL Partitions: 
+-+--------------+------------+----------+
| |RTL Partition |Replication |Instances |
+-+--------------+------------+----------+
+-+--------------+------------+----------+
---------------------------------------------------------------------------------
Start Applying XDC Timing Constraints
---------------------------------------------------------------------------------
---------------------------------------------------------------------------------
Finished Applying XDC Timing Constraints : Time (s): cpu = 00:00:54 ; elapsed = 00:00:56 . Memory (MB): peak = 752.895 ; gain = 506.359
---------------------------------------------------------------------------------
---------------------------------------------------------------------------------
Start Timing Optimization
---------------------------------------------------------------------------------
---------------------------------------------------------------------------------
Finished Timing Optimization : Time (s): cpu = 00:00:54 ; elapsed = 00:00:56 . Memory (MB): peak = 760.172 ; gain = 513.637
---------------------------------------------------------------------------------

Report RTL Partitions: 
+-+--------------+------------+----------+
| |RTL Partition |Replication |Instances |
+-+--------------+------------+----------+
+-+--------------+------------+----------+
---------------------------------------------------------------------------------
Start Technology Mapping
---------------------------------------------------------------------------------
---------------------------------------------------------------------------------
Finished Technology Mapping : Time (s): cpu = 00:00:54 ; elapsed = 00:00:56 . Memory (MB): peak = 761.445 ; gain = 514.910
---------------------------------------------------------------------------------

Report RTL Partitions: 
+-+--------------+------------+----------+
| |RTL Partition |Replication |Instances |
+-+--------------+------------+----------+
+-+--------------+------------+----------+
---------------------------------------------------------------------------------
Start IO Insertion
---------------------------------------------------------------------------------
---------------------------------------------------------------------------------
Start Flattening Before IO Insertion
---------------------------------------------------------------------------------
---------------------------------------------------------------------------------
Finished Flattening Before IO Insertion
---------------------------------------------------------------------------------
---------------------------------------------------------------------------------
Start Final Netlist Cleanup
---------------------------------------------------------------------------------
---------------------------------------------------------------------------------
Finished Final Netlist Cleanup
---------------------------------------------------------------------------------
---------------------------------------------------------------------------------
Finished IO Insertion : Time (s): cpu = 00:00:56 ; elapsed = 00:00:58 . Memory (MB): peak = 761.445 ; gain = 514.910
---------------------------------------------------------------------------------

Report Check Netlist: 
+------+------------------+-------+---------+-------+------------------+
|      |Item              |Errors |Warnings |Status |Description       |
+------+------------------+-------+---------+-------+------------------+
|1     |multi_driven_nets |      0|        0|Passed |Multi driven nets |
+------+------------------+-------+---------+-------+------------------+
---------------------------------------------------------------------------------
Start Renaming Generated Instances
---------------------------------------------------------------------------------
---------------------------------------------------------------------------------
Finished Renaming Generated Instances : Time (s): cpu = 00:00:56 ; elapsed = 00:00:58 . Memory (MB): peak = 761.445 ; gain = 514.910
---------------------------------------------------------------------------------

Report RTL Partitions: 
+-+--------------+------------+----------+
| |RTL Partition |Replication |Instances |
+-+--------------+------------+----------+
+-+--------------+------------+----------+
---------------------------------------------------------------------------------
Start Rebuilding User Hierarchy
---------------------------------------------------------------------------------
---------------------------------------------------------------------------------
Finished Rebuilding User Hierarchy : Time (s): cpu = 00:00:56 ; elapsed = 00:00:58 . Memory (MB): peak = 761.445 ; gain = 514.910
---------------------------------------------------------------------------------
---------------------------------------------------------------------------------
Start Renaming Generated Ports
---------------------------------------------------------------------------------
---------------------------------------------------------------------------------
Finished Renaming Generated Ports : Time (s): cpu = 00:00:56 ; elapsed = 00:00:58 . Memory (MB): peak = 761.445 ; gain = 514.910
---------------------------------------------------------------------------------
---------------------------------------------------------------------------------
Start Handling Custom Attributes
---------------------------------------------------------------------------------
---------------------------------------------------------------------------------
Finished Handling Custom Attributes : Time (s): cpu = 00:00:56 ; elapsed = 00:00:58 . Memory (MB): peak = 761.445 ; gain = 514.910
---------------------------------------------------------------------------------
---------------------------------------------------------------------------------
Start Renaming Generated Nets
---------------------------------------------------------------------------------
---------------------------------------------------------------------------------
Finished Renaming Generated Nets : Time (s): cpu = 00:00:56 ; elapsed = 00:00:58 . Memory (MB): peak = 761.445 ; gain = 514.910
---------------------------------------------------------------------------------
---------------------------------------------------------------------------------
Start Writing Synthesis Report
---------------------------------------------------------------------------------

Report BlackBoxes: 
+-+--------------+----------+
| |BlackBox name |Instances |
+-+--------------+----------+
+-+--------------+----------+

Report Cell Usage: 
+------+-------+------+
|      |Cell   |Count |
+------+-------+------+
|1     |BUFG   |     1|
|2     |CARRY4 |     8|
|3     |LUT1   |     1|
|4     |LUT2   |     1|
|5     |LUT3   |     9|
|6     |LUT4   |     8|
|7     |LUT5   |    14|
|8     |LUT6   |    18|
|9     |FDCE   |    19|
|10    |FDRE   |    50|
|11    |IBUF   |    12|
|12    |OBUF   |     1|
+------+-------+------+

Report Instance Areas: 
+------+----------------+-------------------------------+------+
|      |Instance        |Module                         |Cells |
+------+----------------+-------------------------------+------+
|1     |top             |                               |   142|
|2     |  but           |button_debouncer               |    20|
|3     |  clk_g         |clk_gen                        |    56|
|4     |  d             |divider                        |    52|
|5     |    control     |CU                             |    22|
|6     |    data_path   |DP                             |    30|
|7     |      R_shifter |shift_register                 |    13|
|8     |      X_shifter |shift_register__parameterized0 |     4|
|9     |      Y_shifter |Y_shift_register               |     6|
|10    |      count     |ud_counter                     |     7|
+------+----------------+-------------------------------+------+
---------------------------------------------------------------------------------
Finished Writing Synthesis Report : Time (s): cpu = 00:00:56 ; elapsed = 00:00:58 . Memory (MB): peak = 761.445 ; gain = 514.910
---------------------------------------------------------------------------------
Synthesis finished with 0 errors, 0 critical warnings and 3 warnings.
Synthesis Optimization Runtime : Time (s): cpu = 00:00:33 ; elapsed = 00:00:45 . Memory (MB): peak = 761.445 ; gain = 162.059
Synthesis Optimization Complete : Time (s): cpu = 00:00:57 ; elapsed = 00:00:58 . Memory (MB): peak = 761.445 ; gain = 514.910
INFO: [Project 1-571] Translating synthesized netlist
INFO: [Netlist 29-17] Analyzing 20 Unisim elements for replacement
INFO: [Netlist 29-28] Unisim Transformation completed in 0 CPU seconds
INFO: [Project 1-570] Preparing netlist for logic optimization
INFO: [Opt 31-138] Pushed 0 inverter(s) to 0 load pin(s).
INFO: [Project 1-111] Unisim Transformation Summary:
No Unisim elements were transformed.

INFO: [Common 17-83] Releasing license: Synthesis
62 Infos, 38 Warnings, 16 Critical Warnings and 0 Errors encountered.
synth_design completed successfully
synth_design: Time (s): cpu = 00:01:00 ; elapsed = 00:01:03 . Memory (MB): peak = 761.445 ; gain = 527.723
INFO: [Common 17-1381] The checkpoint 'C:/Users/avach/Documents/GitHub/CmpE125/Lab8/Divider/Divider.runs/synth_1/divider_fpga.dcp' has been generated.
INFO: [runtcl-4] Executing : report_utilization -file divider_fpga_utilization_synth.rpt -pb divider_fpga_utilization_synth.pb
report_utilization: Time (s): cpu = 00:00:00 ; elapsed = 00:00:00.072 . Memory (MB): peak = 761.445 ; gain = 0.000
INFO: [Common 17-206] Exiting Vivado at Mon Apr 30 11:04:46 2018...
