Vivado Simulator 2017.4
Time resolution is 1 ps
Error: with input  1 on control 0
Error: with input  2 on control 0
Error: with input  3 on control 0
Error: with input  4 on control 0
Error: with input  5 on control 0
Error: with input  6 on control 0
Error: with input  7 on control 0
Error: with input  8 on control 0
Error: with input  9 on control 0
Error: with input 10 on control 0
Error: with input 11 on control 0
Error: with input 12 on control 0
Error: with input 13 on control 0
Error: with input 14 on control 0
Error: with input 15 on control 0
Error: with input  0 on control 1
Error: with input  2 on control 1
Error: with input  4 on control 1
Error: with input  6 on control 1
Error: with input  8 on control 1
Error: with input 10 on control 1
Error: with input 12 on control 1
Error: with input 14 on control 1
Error: with input  0 on control 2
Error: with input  4 on control 2
Error: with input  8 on control 2
Error: with input 12 on control 2
Error: with input  0 on control 3
Error: with input  8 on control 3
Error: with input  0 on control 5
Error: with input  1 on control 5
Error: with input  2 on control 5
Error: with input  3 on control 5
Error: with input  4 on control 5
Error: with input  5 on control 5
Error: with input  6 on control 5
Error: with input  7 on control 5
Error: with input  8 on control 5
Error: with input  9 on control 5
Error: with input 10 on control 5
Error: with input 11 on control 5
Error: with input 12 on control 5
Error: with input 13 on control 5
Error: with input 14 on control 5
Error: with input 15 on control 5
Error: with input  0 on control 6
Error: with input  1 on control 6
Error: with input  2 on control 6
Error: with input  3 on control 6
Error: with input  4 on control 6
Error: with input  5 on control 6
Error: with input  6 on control 6
Error: with input  7 on control 6
Error: with input  8 on control 6
Error: with input  9 on control 6
Error: with input 10 on control 6
Error: with input 11 on control 6
Error: with input 12 on control 6
Error: with input 13 on control 6
Error: with input 14 on control 6
Error: with input 15 on control 6
Error: with input  0 on control 7
Error: with input  1 on control 7
Error: with input  2 on control 7
Error: with input  3 on control 7
Error: with input  4 on control 7
Error: with input  5 on control 7
Error: with input  6 on control 7
Error: with input  7 on control 7
Error: with input  8 on control 7
Error: with input  9 on control 7
Error: with input 10 on control 7
Error: with input 11 on control 7
Error: with input 12 on control 7
Error: with input 13 on control 7
Error: with input 14 on control 7
Error: with input 15 on control 7
$finish called at time : 680 ns : File "C:/Users/avach/Downloads/tb_shifter_rotator.v" Line 67
