#-----------------------------------------------------------
# Vivado v2017.4 (64-bit)
# SW Build 2086221 on Fri Dec 15 20:55:39 MST 2017
# IP Build 2085800 on Fri Dec 15 22:25:07 MST 2017
# Start of session at: Mon Jan 29 15:09:39 2018
# Process ID: 11544
# Current directory: C:/Users/avach/Documents/Xilinix Projects/and_or
# Command line: vivado.exe -gui_launcher_event rodinguilauncherevent2816 C:\Users\avach\Documents\Xilinix Projects\and_or\and_or.xpr
# Log file: C:/Users/avach/Documents/Xilinix Projects/and_or/vivado.log
# Journal file: C:/Users/avach/Documents/Xilinix Projects/and_or\vivado.jou
#-----------------------------------------------------------
start_gui
open_project {C:/Users/avach/Documents/Xilinix Projects/and_or/and_or.xpr}
Scanning sources...
Finished scanning sources
INFO: [IP_Flow 19-234] Refreshing IP repositories
INFO: [IP_Flow 19-1704] No user IP repositories specified
INFO: [IP_Flow 19-2313] Loaded Vivado IP repository 'C:/Xilinx/Vivado/2017.4/data/ip'.
open_project: Time (s): cpu = 00:00:18 ; elapsed = 00:00:10 . Memory (MB): peak = 730.340 ; gain = 70.285
update_compile_order -fileset sources_1
launch_simulation
INFO: [Vivado 12-5682] Launching behavioral simulation in 'C:/Users/avach/Documents/Xilinix Projects/and_or/and_or.sim/sim_1/behav/xsim'
INFO: [SIM-utils-51] Simulation object is 'sim_1'
INFO: [SIM-utils-54] Inspecting design source files for 'tb_and_or' in fileset 'sim_1'...
INFO: [USF-XSim-97] Finding global include files...
INFO: [USF-XSim-98] Fetching design files from 'sim_1'...
INFO: [USF-XSim-2] XSim::Compile design
INFO: [USF-XSim-61] Executing 'COMPILE and ANALYZE' step in 'C:/Users/avach/Documents/Xilinix Projects/and_or/and_or.sim/sim_1/behav/xsim'
"xvlog --incr --relax -prj tb_and_or_vlog.prj"
INFO: [USF-XSim-69] 'compile' step finished in '1' seconds
INFO: [USF-XSim-3] XSim::Elaborate design
INFO: [USF-XSim-61] Executing 'ELABORATE' step in 'C:/Users/avach/Documents/Xilinix Projects/and_or/and_or.sim/sim_1/behav/xsim'
Vivado Simulator 2017.4
Copyright 1986-1999, 2001-2016 Xilinx, Inc. All Rights Reserved.
Running: C:/Xilinx/Vivado/2017.4/bin/unwrapped/win64.o/xelab.exe -wto 1c0d402594294661803a83ac13a2a982 --incr --debug typical --relax --mt 2 -L xil_defaultlib -L unisims_ver -L unimacro_ver -L secureip --snapshot tb_and_or_behav xil_defaultlib.tb_and_or xil_defaultlib.glbl -log elaborate.log 
Using 2 slave threads.
Starting static elaboration
Completed static elaboration
INFO: [XSIM 43-4323] No Change in HDL. Linking previously generated obj files to create kernel
INFO: [USF-XSim-69] 'elaborate' step finished in '2' seconds
INFO: [USF-XSim-4] XSim::Simulate design
INFO: [USF-XSim-61] Executing 'SIMULATE' step in 'C:/Users/avach/Documents/Xilinix Projects/and_or/and_or.sim/sim_1/behav/xsim'
INFO: [USF-XSim-98] *** Running xsim
   with args "tb_and_or_behav -key {Behavioral:sim_1:Functional:tb_and_or} -tclbatch {tb_and_or.tcl} -view {{C:/Users/avach/Documents/Xilinix Projects/and_or/tb_and_or_behav.wcfg}} -log {simulate.log}"
INFO: [USF-XSim-8] Loading simulator feature
Vivado Simulator 2017.4
Time resolution is 1 ps
open_wave_config {C:/Users/avach/Documents/Xilinix Projects/and_or/tb_and_or_behav.wcfg}
source tb_and_or.tcl
# set curr_wave [current_wave_config]
# if { [string length $curr_wave] == 0 } {
#   if { [llength [get_objects]] > 0} {
#     add_wave /
#     set_property needs_save false [current_wave_config]
#   } else {
#      send_msg_id Add_Wave-1 WARNING "No top level signals found. Simulator will start without a wave window. If you want to open a wave window go to 'File->New Waveform Configuration' or type 'create_wave_config' in the TCL console."
#   }
# }
# run 1000ns
Simulationn Finished
$finish called at time : 80 ns : File "C:/Users/avach/Documents/Xilinix Projects/and_or/and_or.srcs/sim_1/new/tb_and_or.v" Line 37
INFO: [USF-XSim-96] XSim completed. Design snapshot 'tb_and_or_behav' loaded.
INFO: [USF-XSim-97] XSim simulation ran for 1000ns
launch_simulation: Time (s): cpu = 00:00:05 ; elapsed = 00:00:07 . Memory (MB): peak = 760.332 ; gain = 26.309
